{"/Users/todor/projects/bill-split/src/index.css": {"path":"/Users/todor/projects/bill-split/src/index.css","statementMap":{},"fnMap":{},"branchMap":{},"s":{},"f":{},"b":{},"meta":{"lastBranch":0,"lastFunction":0,"lastStatement":0,"seen":{}}}
,"/Users/todor/projects/bill-split/src/components/app-shell.tsx": {"path":"/Users/todor/projects/bill-split/src/components/app-shell.tsx","statementMap":{"0":{"start":{"line":11,"column":17},"end":{"line":11,"column":43}},"1":{"start":{"line":13,"column":2},"end":{"line":42,"column":null}}},"fnMap":{"0":{"name":"AppShell","decl":{"start":{"line":10,"column":16},"end":{"line":10,"column":27}},"loc":{"start":{"line":10,"column":27},"end":{"line":42,"column":null}},"line":10}},"branchMap":{"0":{"loc":{"start":{"line":31,"column":11},"end":{"line":32,"column":null}},"type":"binary-expr","locations":[{"start":{"line":31,"column":11},"end":{"line":31,"column":null}},{"start":{"line":32,"column":12},"end":{"line":32,"column":null}}],"line":31},"1":{"loc":{"start":{"line":34,"column":11},"end":{"line":35,"column":null}},"type":"binary-expr","locations":[{"start":{"line":34,"column":11},"end":{"line":34,"column":null}},{"start":{"line":35,"column":12},"end":{"line":35,"column":null}}],"line":34},"2":{"loc":{"start":{"line":37,"column":11},"end":{"line":38,"column":null}},"type":"binary-expr","locations":[{"start":{"line":37,"column":11},"end":{"line":37,"column":null}},{"start":{"line":38,"column":12},"end":{"line":38,"column":null}}],"line":37}},"s":{"0":7,"1":7},"f":{"0":7},"b":{"0":[7,5],"1":[7,1],"2":[7,1]},"meta":{"lastBranch":3,"lastFunction":1,"lastStatement":2,"seen":{"f:10:16:10:27":0,"s:11:17:11:43":0,"s:13:2:42:Infinity":1,"b:31:11:31:Infinity:32:12:32:Infinity":0,"b:34:11:34:Infinity:35:12:35:Infinity":1,"b:37:11:37:Infinity:38:12:38:Infinity":2}}}
,"/Users/todor/projects/bill-split/src/components/step-indicator.tsx": {"path":"/Users/todor/projects/bill-split/src/components/step-indicator.tsx","statementMap":{"0":{"start":{"line":3,"column":14},"end":{"line":3,"column":null}},"1":{"start":{"line":10,"column":2},"end":{"line":44,"column":null}},"2":{"start":{"line":13,"column":8},"end":{"line":42,"column":null}}},"fnMap":{"0":{"name":"StepIndicator","decl":{"start":{"line":9,"column":16},"end":{"line":9,"column":30}},"loc":{"start":{"line":9,"column":67},"end":{"line":44,"column":null}},"line":9},"1":{"name":"(anonymous_1)","decl":{"start":{"line":12,"column":13},"end":{"line":12,"column":18}},"loc":{"start":{"line":13,"column":8},"end":{"line":42,"column":null}},"line":13}},"branchMap":{"0":{"loc":{"start":{"line":18,"column":16},"end":{"line":18,"column":null}},"type":"binary-expr","locations":[{"start":{"line":18,"column":16},"end":{"line":18,"column":39}},{"start":{"line":18,"column":39},"end":{"line":18,"column":null}}],"line":18},"1":{"loc":{"start":{"line":19,"column":16},"end":{"line":19,"column":null}},"type":"binary-expr","locations":[{"start":{"line":19,"column":16},"end":{"line":19,"column":41}},{"start":{"line":19,"column":41},"end":{"line":19,"column":null}}],"line":19},"2":{"loc":{"start":{"line":20,"column":16},"end":{"line":20,"column":null}},"type":"binary-expr","locations":[{"start":{"line":20,"column":16},"end":{"line":20,"column":39}},{"start":{"line":20,"column":39},"end":{"line":20,"column":null}}],"line":20},"3":{"loc":{"start":{"line":28,"column":16},"end":{"line":28,"column":null}},"type":"cond-expr","locations":[{"start":{"line":28,"column":40},"end":{"line":28,"column":60}},{"start":{"line":28,"column":60},"end":{"line":28,"column":null}}],"line":28},"4":{"loc":{"start":{"line":34,"column":11},"end":{"line":40,"column":null}},"type":"binary-expr","locations":[{"start":{"line":34,"column":11},"end":{"line":34,"column":null}},{"start":{"line":35,"column":12},"end":{"line":40,"column":null}}],"line":34},"5":{"loc":{"start":{"line":38,"column":16},"end":{"line":38,"column":null}},"type":"cond-expr","locations":[{"start":{"line":38,"column":38},"end":{"line":38,"column":53}},{"start":{"line":38,"column":53},"end":{"line":38,"column":null}}],"line":38}},"s":{"0":2,"1":15,"2":45},"f":{"0":15,"1":45},"b":{"0":[45,9],"1":[45,15],"2":[45,21],"3":[15,30],"4":[45,30],"5":[9,21]},"meta":{"lastBranch":6,"lastFunction":2,"lastStatement":3,"seen":{"s:3:14:3:Infinity":0,"f:9:16:9:30":0,"s:10:2:44:Infinity":1,"f:12:13:12:18":1,"s:13:8:42:Infinity":2,"b:18:16:18:39:18:39:18:Infinity":0,"b:19:16:19:41:19:41:19:Infinity":1,"b:20:16:20:39:20:39:20:Infinity":2,"b:28:40:28:60:28:60:28:Infinity":3,"b:34:11:34:Infinity:35:12:40:Infinity":4,"b:38:38:38:53:38:53:38:Infinity":5}}}
,"/Users/todor/projects/bill-split/src/components/theme-toggle.tsx": {"path":"/Users/todor/projects/bill-split/src/components/theme-toggle.tsx","statementMap":{"0":{"start":{"line":6,"column":50},"end":{"line":6,"column":null}},"1":{"start":{"line":9,"column":17},"end":{"line":9,"column":40}},"2":{"start":{"line":11,"column":8},"end":{"line":13,"column":null}},"3":{"start":{"line":12,"column":16},"end":{"line":12,"column":36}},"4":{"start":{"line":13,"column":4},"end":{"line":13,"column":null}},"5":{"start":{"line":16,"column":16},"end":{"line":16,"column":null}},"6":{"start":{"line":18,"column":2},"end":{"line":30,"column":null}}},"fnMap":{"0":{"name":"ThemeToggle","decl":{"start":{"line":8,"column":16},"end":{"line":8,"column":30}},"loc":{"start":{"line":8,"column":30},"end":{"line":30,"column":null}},"line":8},"1":{"name":"(anonymous_1)","decl":{"start":{"line":11,"column":8},"end":{"line":11,"column":21}},"loc":{"start":{"line":11,"column":21},"end":{"line":13,"column":null}},"line":11}},"branchMap":{"0":{"loc":{"start":{"line":16,"column":16},"end":{"line":16,"column":null}},"type":"cond-expr","locations":[{"start":{"line":16,"column":36},"end":{"line":16,"column":46}},{"start":{"line":16,"column":46},"end":{"line":16,"column":null}}],"line":16},"1":{"loc":{"start":{"line":16,"column":46},"end":{"line":16,"column":null}},"type":"cond-expr","locations":[{"start":{"line":16,"column":65},"end":{"line":16,"column":74}},{"start":{"line":16,"column":74},"end":{"line":16,"column":null}}],"line":16},"2":{"loc":{"start":{"line":23,"column":13},"end":{"line":23,"column":null}},"type":"binary-expr","locations":[{"start":{"line":23,"column":13},"end":{"line":23,"column":34}},{"start":{"line":23,"column":34},"end":{"line":23,"column":null}}],"line":23},"3":{"loc":{"start":{"line":24,"column":13},"end":{"line":24,"column":null}},"type":"binary-expr","locations":[{"start":{"line":24,"column":13},"end":{"line":24,"column":33}},{"start":{"line":24,"column":33},"end":{"line":24,"column":null}}],"line":24},"4":{"loc":{"start":{"line":25,"column":13},"end":{"line":25,"column":null}},"type":"binary-expr","locations":[{"start":{"line":25,"column":13},"end":{"line":25,"column":35}},{"start":{"line":25,"column":35},"end":{"line":25,"column":null}}],"line":25}},"s":{"0":2,"1":18,"2":18,"3":3,"4":3,"5":18,"6":18},"f":{"0":18,"1":3},"b":{"0":[3,15],"1":[4,11],"2":[18,3],"3":[18,4],"4":[18,11]},"meta":{"lastBranch":5,"lastFunction":2,"lastStatement":7,"seen":{"s:6:50:6:Infinity":0,"f:8:16:8:30":0,"s:9:17:9:40":1,"s:11:8:13:Infinity":2,"f:11:8:11:21":1,"s:12:16:12:36":3,"s:13:4:13:Infinity":4,"s:16:16:16:Infinity":5,"b:16:36:16:46:16:46:16:Infinity":0,"b:16:65:16:74:16:74:16:Infinity":1,"s:18:2:30:Infinity":6,"b:23:13:23:34:23:34:23:Infinity":2,"b:24:13:24:33:24:33:24:Infinity":3,"b:25:13:25:35:25:35:25:Infinity":4}}}
,"/Users/todor/projects/bill-split/src/components/expenses/expense-form.tsx": {"path":"/Users/todor/projects/bill-split/src/components/expenses/expense-form.tsx","statementMap":{"0":{"start":{"line":20,"column":2},"end":{"line":22,"column":null}},"1":{"start":{"line":21,"column":22},"end":{"line":21,"column":null}},"2":{"start":{"line":22,"column":4},"end":{"line":22,"column":null}},"3":{"start":{"line":22,"column":36},"end":{"line":22,"column":103}},"4":{"start":{"line":24,"column":2},"end":{"line":24,"column":null}},"5":{"start":{"line":24,"column":34},"end":{"line":24,"column":69}},"6":{"start":{"line":28,"column":22},"end":{"line":28,"column":83}},"7":{"start":{"line":29,"column":17},"end":{"line":29,"column":80}},"8":{"start":{"line":30,"column":19},"end":{"line":30,"column":74}},"9":{"start":{"line":31,"column":20},"end":{"line":31,"column":93}},"10":{"start":{"line":32,"column":21},"end":{"line":33,"column":null}},"11":{"start":{"line":33,"column":58},"end":{"line":33,"column":63}},"12":{"start":{"line":35,"column":23},"end":{"line":36,"column":null}},"13":{"start":{"line":38,"column":17},"end":{"line":38,"column":52}},"14":{"start":{"line":41,"column":2},"end":{"line":45,"column":null}},"15":{"start":{"line":42,"column":4},"end":{"line":43,"column":null}},"16":{"start":{"line":43,"column":6},"end":{"line":43,"column":null}},"17":{"start":{"line":47,"column":8},"end":{"line":75,"column":null}},"18":{"start":{"line":48,"column":4},"end":{"line":48,"column":null}},"19":{"start":{"line":50,"column":25},"end":{"line":50,"column":43}},"20":{"start":{"line":51,"column":41},"end":{"line":58,"column":null}},"21":{"start":{"line":57,"column":76},"end":{"line":57,"column":112}},"22":{"start":{"line":60,"column":10},"end":{"line":60,"column":53}},"23":{"start":{"line":61,"column":4},"end":{"line":63,"column":null}},"24":{"start":{"line":62,"column":6},"end":{"line":62,"column":null}},"25":{"start":{"line":63,"column":6},"end":{"line":63,"column":null}},"26":{"start":{"line":66,"column":4},"end":{"line":66,"column":null}},"27":{"start":{"line":68,"column":4},"end":{"line":75,"column":null}},"28":{"start":{"line":69,"column":6},"end":{"line":69,"column":null}},"29":{"start":{"line":70,"column":6},"end":{"line":70,"column":null}},"30":{"start":{"line":71,"column":6},"end":{"line":71,"column":null}},"31":{"start":{"line":72,"column":6},"end":{"line":72,"column":null}},"32":{"start":{"line":73,"column":6},"end":{"line":73,"column":null}},"33":{"start":{"line":73,"column":44},"end":{"line":73,"column":49}},"34":{"start":{"line":74,"column":6},"end":{"line":74,"column":null}},"35":{"start":{"line":75,"column":6},"end":{"line":75,"column":null}},"36":{"start":{"line":79,"column":2},"end":{"line":163,"column":null}},"37":{"start":{"line":85,"column":36},"end":{"line":85,"column":null}},"38":{"start":{"line":98,"column":31},"end":{"line":98,"column":63}},"39":{"start":{"line":98,"column":63},"end":{"line":98,"column":null}},"40":{"start":{"line":111,"column":31},"end":{"line":111,"column":58}},"41":{"start":{"line":111,"column":58},"end":{"line":111,"column":null}},"42":{"start":{"line":118,"column":55},"end":{"line":118,"column":75}},"43":{"start":{"line":122,"column":44},"end":{"line":122,"column":62}},"44":{"start":{"line":128,"column":14},"end":{"line":128,"column":null}},"45":{"start":{"line":136,"column":54},"end":{"line":136,"column":82}}},"fnMap":{"0":{"name":"getDefaultSplitDetails","decl":{"start":{"line":19,"column":9},"end":{"line":19,"column":32}},"loc":{"start":{"line":19,"column":93},"end":{"line":24,"column":null}},"line":19},"1":{"name":"(anonymous_1)","decl":{"start":{"line":22,"column":24},"end":{"line":22,"column":29}},"loc":{"start":{"line":22,"column":36},"end":{"line":22,"column":103}},"line":22},"2":{"name":"(anonymous_2)","decl":{"start":{"line":24,"column":22},"end":{"line":24,"column":27}},"loc":{"start":{"line":24,"column":34},"end":{"line":24,"column":69}},"line":24},"3":{"name":"ExpenseForm","decl":{"start":{"line":27,"column":16},"end":{"line":27,"column":28}},"loc":{"start":{"line":27,"column":100},"end":{"line":163,"column":null}},"line":27},"4":{"name":"(anonymous_4)","decl":{"start":{"line":33,"column":47},"end":{"line":33,"column":52}},"loc":{"start":{"line":33,"column":58},"end":{"line":33,"column":63}},"line":33},"5":{"name":"(anonymous_5)","decl":{"start":{"line":41,"column":2},"end":{"line":41,"column":18}},"loc":{"start":{"line":41,"column":18},"end":{"line":45,"column":6}},"line":41},"6":{"name":"(anonymous_6)","decl":{"start":{"line":47,"column":8},"end":{"line":47,"column":24}},"loc":{"start":{"line":47,"column":47},"end":{"line":75,"column":null}},"line":47},"7":{"name":"(anonymous_7)","decl":{"start":{"line":57,"column":62},"end":{"line":57,"column":70}},"loc":{"start":{"line":57,"column":76},"end":{"line":57,"column":112}},"line":57},"8":{"name":"(anonymous_8)","decl":{"start":{"line":73,"column":33},"end":{"line":73,"column":38}},"loc":{"start":{"line":73,"column":44},"end":{"line":73,"column":49}},"line":73},"9":{"name":"(anonymous_9)","decl":{"start":{"line":85,"column":22},"end":{"line":85,"column":27}},"loc":{"start":{"line":85,"column":36},"end":{"line":85,"column":null}},"line":85},"10":{"name":"(anonymous_10)","decl":{"start":{"line":98,"column":12},"end":{"line":98,"column":23}},"loc":{"start":{"line":98,"column":29},"end":{"line":98,"column":null}},"line":98},"11":{"name":"(anonymous_11)","decl":{"start":{"line":111,"column":12},"end":{"line":111,"column":23}},"loc":{"start":{"line":111,"column":29},"end":{"line":111,"column":null}},"line":111},"12":{"name":"(anonymous_12)","decl":{"start":{"line":118,"column":33},"end":{"line":118,"column":49}},"loc":{"start":{"line":118,"column":55},"end":{"line":118,"column":75}},"line":118},"13":{"name":"(anonymous_13)","decl":{"start":{"line":122,"column":32},"end":{"line":122,"column":38}},"loc":{"start":{"line":122,"column":44},"end":{"line":122,"column":62}},"line":122},"14":{"name":"(anonymous_14)","decl":{"start":{"line":127,"column":26},"end":{"line":127,"column":31}},"loc":{"start":{"line":128,"column":14},"end":{"line":128,"column":null}},"line":128},"15":{"name":"(anonymous_15)","decl":{"start":{"line":136,"column":32},"end":{"line":136,"column":48}},"loc":{"start":{"line":136,"column":54},"end":{"line":136,"column":82}},"line":136}},"branchMap":{"0":{"loc":{"start":{"line":20,"column":2},"end":{"line":22,"column":null}},"type":"if","locations":[{"start":{"line":20,"column":2},"end":{"line":22,"column":null}},{"start":{},"end":{}}],"line":20},"1":{"loc":{"start":{"line":21,"column":22},"end":{"line":21,"column":null}},"type":"cond-expr","locations":[{"start":{"line":21,"column":48},"end":{"line":21,"column":76}},{"start":{"line":21,"column":76},"end":{"line":21,"column":null}}],"line":21},"2":{"loc":{"start":{"line":28,"column":49},"end":{"line":28,"column":83}},"type":"binary-expr","locations":[{"start":{"line":28,"column":49},"end":{"line":28,"column":80}},{"start":{"line":28,"column":80},"end":{"line":28,"column":83}}],"line":28},"3":{"loc":{"start":{"line":29,"column":39},"end":{"line":29,"column":80}},"type":"binary-expr","locations":[{"start":{"line":29,"column":39},"end":{"line":29,"column":73}},{"start":{"line":29,"column":77},"end":{"line":29,"column":80}}],"line":29},"4":{"loc":{"start":{"line":30,"column":43},"end":{"line":30,"column":74}},"type":"binary-expr","locations":[{"start":{"line":30,"column":43},"end":{"line":30,"column":71}},{"start":{"line":30,"column":71},"end":{"line":30,"column":74}}],"line":30},"5":{"loc":{"start":{"line":31,"column":56},"end":{"line":31,"column":93}},"type":"binary-expr","locations":[{"start":{"line":31,"column":56},"end":{"line":31,"column":85}},{"start":{"line":31,"column":85},"end":{"line":31,"column":93}}],"line":31},"6":{"loc":{"start":{"line":33,"column":4},"end":{"line":33,"column":63}},"type":"binary-expr","locations":[{"start":{"line":33,"column":4},"end":{"line":33,"column":34}},{"start":{"line":33,"column":34},"end":{"line":33,"column":63}}],"line":33},"7":{"loc":{"start":{"line":36,"column":4},"end":{"line":36,"column":110}},"type":"binary-expr","locations":[{"start":{"line":36,"column":4},"end":{"line":36,"column":36}},{"start":{"line":36,"column":36},"end":{"line":36,"column":110}}],"line":36},"8":{"loc":{"start":{"line":36,"column":73},"end":{"line":36,"column":110}},"type":"binary-expr","locations":[{"start":{"line":36,"column":73},"end":{"line":36,"column":102}},{"start":{"line":36,"column":102},"end":{"line":36,"column":110}}],"line":36},"9":{"loc":{"start":{"line":42,"column":4},"end":{"line":43,"column":null}},"type":"if","locations":[{"start":{"line":42,"column":4},"end":{"line":43,"column":null}},{"start":{},"end":{}}],"line":42},"10":{"loc":{"start":{"line":57,"column":20},"end":{"line":57,"column":null}},"type":"cond-expr","locations":[{"start":{"line":57,"column":44},"end":{"line":57,"column":46}},{"start":{"line":57,"column":49},"end":{"line":57,"column":null}}],"line":57},"11":{"loc":{"start":{"line":61,"column":4},"end":{"line":63,"column":null}},"type":"if","locations":[{"start":{"line":61,"column":4},"end":{"line":63,"column":null}},{"start":{},"end":{}}],"line":61},"12":{"loc":{"start":{"line":68,"column":4},"end":{"line":75,"column":null}},"type":"if","locations":[{"start":{"line":68,"column":4},"end":{"line":75,"column":null}},{"start":{},"end":{}}],"line":68},"13":{"loc":{"start":{"line":81,"column":7},"end":{"line":88,"column":null}},"type":"binary-expr","locations":[{"start":{"line":81,"column":7},"end":{"line":81,"column":null}},{"start":{"line":82,"column":8},"end":{"line":88,"column":null}}],"line":81},"14":{"loc":{"start":{"line":118,"column":67},"end":{"line":118,"column":75}},"type":"binary-expr","locations":[{"start":{"line":118,"column":67},"end":{"line":118,"column":72}},{"start":{"line":118,"column":72},"end":{"line":118,"column":75}}],"line":118},"15":{"loc":{"start":{"line":121,"column":15},"end":{"line":123,"column":null}},"type":"cond-expr","locations":[{"start":{"line":122,"column":19},"end":{"line":122,"column":null}},{"start":{"line":123,"column":18},"end":{"line":123,"column":null}}],"line":121},"16":{"loc":{"start":{"line":122,"column":19},"end":{"line":122,"column":null}},"type":"binary-expr","locations":[{"start":{"line":122,"column":19},"end":{"line":122,"column":72}},{"start":{"line":122,"column":72},"end":{"line":122,"column":null}}],"line":122},"17":{"loc":{"start":{"line":150,"column":21},"end":{"line":150,"column":null}},"type":"binary-expr","locations":[{"start":{"line":150,"column":21},"end":{"line":150,"column":39}},{"start":{"line":150,"column":43},"end":{"line":150,"column":null}}],"line":150},"18":{"loc":{"start":{"line":156,"column":9},"end":{"line":161,"column":9}},"type":"binary-expr","locations":[{"start":{"line":156,"column":9},"end":{"line":156,"column":null}},{"start":{"line":157,"column":10},"end":{"line":161,"column":9}}],"line":156},"19":{"loc":{"start":{"line":162,"column":11},"end":{"line":162,"column":null}},"type":"cond-expr","locations":[{"start":{"line":162,"column":28},"end":{"line":162,"column":45}},{"start":{"line":162,"column":45},"end":{"line":162,"column":null}}],"line":162}},"s":{"0":24,"1":1,"2":1,"3":2,"4":23,"5":46,"6":28,"7":28,"8":28,"9":28,"10":28,"11":44,"12":28,"13":28,"14":28,"15":24,"16":2,"17":28,"18":2,"19":2,"20":2,"21":0,"22":2,"23":2,"24":2,"25":2,"26":0,"27":0,"28":0,"29":0,"30":0,"31":0,"32":0,"33":0,"34":0,"35":0,"36":28,"37":6,"38":0,"39":0,"40":0,"41":0,"42":0,"43":6,"44":56,"45":2},"f":{"0":24,"1":2,"2":46,"3":28,"4":44,"5":24,"6":2,"7":0,"8":0,"9":6,"10":0,"11":0,"12":0,"13":6,"14":56,"15":2},"b":{"0":[1,23],"1":[1,0],"2":[28,22],"3":[28,22],"4":[28,22],"5":[28,22],"6":[28,22],"7":[28,22],"8":[22,22],"9":[2,22],"10":[2,0],"11":[2,0],"12":[0,0],"13":[28,2],"14":[0,0],"15":[6,22],"16":[6,0],"17":[28,22],"18":[28,7],"19":[6,22]},"meta":{"lastBranch":20,"lastFunction":16,"lastStatement":46,"seen":{"f:19:9:19:32":0,"b:20:2:22:Infinity:undefined:undefined:undefined:undefined":0,"s:20:2:22:Infinity":0,"s:21:22:21:Infinity":1,"b:21:48:21:76:21:76:21:Infinity":1,"s:22:4:22:Infinity":2,"f:22:24:22:29":1,"s:22:36:22:103":3,"s:24:2:24:Infinity":4,"f:24:22:24:27":2,"s:24:34:24:69":5,"f:27:16:27:28":3,"s:28:22:28:83":6,"b:28:49:28:80:28:80:28:83":2,"s:29:17:29:80":7,"b:29:39:29:73:29:77:29:80":3,"s:30:19:30:74":8,"b:30:43:30:71:30:71:30:74":4,"s:31:20:31:93":9,"b:31:56:31:85:31:85:31:93":5,"s:32:21:33:Infinity":10,"b:33:4:33:34:33:34:33:63":6,"f:33:47:33:52":4,"s:33:58:33:63":11,"s:35:23:36:Infinity":12,"b:36:4:36:36:36:36:36:110":7,"b:36:73:36:102:36:102:36:110":8,"s:38:17:38:52":13,"s:41:2:45:Infinity":14,"f:41:2:41:18":5,"b:42:4:43:Infinity:undefined:undefined:undefined:undefined":9,"s:42:4:43:Infinity":15,"s:43:6:43:Infinity":16,"s:47:8:75:Infinity":17,"f:47:8:47:24":6,"s:48:4:48:Infinity":18,"s:50:25:50:43":19,"s:51:41:58:Infinity":20,"b:57:44:57:46:57:49:57:Infinity":10,"f:57:62:57:70":7,"s:57:76:57:112":21,"s:60:10:60:53":22,"b:61:4:63:Infinity:undefined:undefined:undefined:undefined":11,"s:61:4:63:Infinity":23,"s:62:6:62:Infinity":24,"s:63:6:63:Infinity":25,"s:66:4:66:Infinity":26,"b:68:4:75:Infinity:undefined:undefined:undefined:undefined":12,"s:68:4:75:Infinity":27,"s:69:6:69:Infinity":28,"s:70:6:70:Infinity":29,"s:71:6:71:Infinity":30,"s:72:6:72:Infinity":31,"s:73:6:73:Infinity":32,"f:73:33:73:38":8,"s:73:44:73:49":33,"s:74:6:74:Infinity":34,"s:75:6:75:Infinity":35,"s:79:2:163:Infinity":36,"b:81:7:81:Infinity:82:8:88:Infinity":13,"f:85:22:85:27":9,"s:85:36:85:Infinity":37,"f:98:12:98:23":10,"s:98:31:98:63":38,"s:98:63:98:Infinity":39,"f:111:12:111:23":11,"s:111:31:111:58":40,"s:111:58:111:Infinity":41,"f:118:33:118:49":12,"s:118:55:118:75":42,"b:118:67:118:72:118:72:118:75":14,"b:122:19:122:Infinity:123:18:123:Infinity":15,"b:122:19:122:72:122:72:122:Infinity":16,"f:122:32:122:38":13,"s:122:44:122:62":43,"f:127:26:127:31":14,"s:128:14:128:Infinity":44,"f:136:32:136:48":15,"s:136:54:136:82":45,"b:150:21:150:39:150:43:150:Infinity":17,"b:156:9:156:Infinity:157:10:161:9":18,"b:162:28:162:45:162:45:162:Infinity":19}}}
,"/Users/todor/projects/bill-split/src/components/expenses/expense-list.tsx": {"path":"/Users/todor/projects/bill-split/src/components/expenses/expense-list.tsx","statementMap":{"0":{"start":{"line":17,"column":20},"end":{"line":17,"column":null}},"1":{"start":{"line":20,"column":53},"end":{"line":20,"column":null}},"2":{"start":{"line":21,"column":25},"end":{"line":21,"column":76}},"3":{"start":{"line":23,"column":8},"end":{"line":24,"column":null}},"4":{"start":{"line":24,"column":4},"end":{"line":24,"column":null}},"5":{"start":{"line":24,"column":29},"end":{"line":24,"column":41}},"6":{"start":{"line":26,"column":22},"end":{"line":26,"column":68}},"7":{"start":{"line":26,"column":50},"end":{"line":26,"column":66}},"8":{"start":{"line":28,"column":2},"end":{"line":32,"column":null}},"9":{"start":{"line":29,"column":4},"end":{"line":32,"column":null}},"10":{"start":{"line":36,"column":2},"end":{"line":112,"column":null}},"11":{"start":{"line":49,"column":10},"end":{"line":89,"column":null}},"12":{"start":{"line":72,"column":35},"end":{"line":72,"column":61}},"13":{"start":{"line":81,"column":35},"end":{"line":81,"column":87}},"14":{"start":{"line":95,"column":62},"end":{"line":95,"column":94}},"15":{"start":{"line":105,"column":16},"end":{"line":105,"column":null}},"16":{"start":{"line":106,"column":16},"end":{"line":106,"column":null}},"17":{"start":{"line":108,"column":30},"end":{"line":108,"column":null}}},"fnMap":{"0":{"name":"ExpenseList","decl":{"start":{"line":19,"column":16},"end":{"line":19,"column":28}},"loc":{"start":{"line":19,"column":67},"end":{"line":112,"column":null}},"line":19},"1":{"name":"(anonymous_1)","decl":{"start":{"line":23,"column":8},"end":{"line":23,"column":30}},"loc":{"start":{"line":24,"column":4},"end":{"line":24,"column":null}},"line":24},"2":{"name":"(anonymous_2)","decl":{"start":{"line":24,"column":17},"end":{"line":24,"column":23}},"loc":{"start":{"line":24,"column":29},"end":{"line":24,"column":41}},"line":24},"3":{"name":"(anonymous_3)","decl":{"start":{"line":26,"column":31},"end":{"line":26,"column":39}},"loc":{"start":{"line":26,"column":50},"end":{"line":26,"column":66}},"line":26},"4":{"name":"(anonymous_4)","decl":{"start":{"line":48,"column":18},"end":{"line":48,"column":23}},"loc":{"start":{"line":49,"column":10},"end":{"line":89,"column":null}},"line":49},"5":{"name":"(anonymous_5)","decl":{"start":{"line":72,"column":20},"end":{"line":72,"column":35}},"loc":{"start":{"line":72,"column":35},"end":{"line":72,"column":61}},"line":72},"6":{"name":"(anonymous_6)","decl":{"start":{"line":81,"column":20},"end":{"line":81,"column":35}},"loc":{"start":{"line":81,"column":35},"end":{"line":81,"column":87}},"line":81},"7":{"name":"(anonymous_7)","decl":{"start":{"line":95,"column":38},"end":{"line":95,"column":53}},"loc":{"start":{"line":95,"column":62},"end":{"line":95,"column":94}},"line":95},"8":{"name":"(anonymous_8)","decl":{"start":{"line":104,"column":14},"end":{"line":104,"column":25}},"loc":{"start":{"line":104,"column":37},"end":{"line":106,"column":null}},"line":104},"9":{"name":"(anonymous_9)","decl":{"start":{"line":108,"column":14},"end":{"line":108,"column":30}},"loc":{"start":{"line":108,"column":30},"end":{"line":108,"column":null}},"line":108}},"branchMap":{"0":{"loc":{"start":{"line":24,"column":4},"end":{"line":24,"column":null}},"type":"binary-expr","locations":[{"start":{"line":24,"column":4},"end":{"line":24,"column":51}},{"start":{"line":24,"column":51},"end":{"line":24,"column":null}}],"line":24},"1":{"loc":{"start":{"line":28,"column":2},"end":{"line":32,"column":null}},"type":"if","locations":[{"start":{"line":28,"column":2},"end":{"line":32,"column":null}},{"start":{},"end":{}}],"line":28},"2":{"loc":{"start":{"line":40,"column":36},"end":{"line":40,"column":null}},"type":"cond-expr","locations":[{"start":{"line":40,"column":60},"end":{"line":40,"column":66}},{"start":{"line":40,"column":66},"end":{"line":40,"column":null}}],"line":40},"3":{"loc":{"start":{"line":61,"column":55},"end":{"line":61,"column":null}},"type":"cond-expr","locations":[{"start":{"line":61,"column":89},"end":{"line":61,"column":95}},{"start":{"line":61,"column":95},"end":{"line":61,"column":null}}],"line":61},"4":{"loc":{"start":{"line":95,"column":62},"end":{"line":95,"column":94}},"type":"binary-expr","locations":[{"start":{"line":95,"column":62},"end":{"line":95,"column":71}},{"start":{"line":95,"column":71},"end":{"line":95,"column":94}}],"line":95},"5":{"loc":{"start":{"line":100,"column":11},"end":{"line":109,"column":null}},"type":"binary-expr","locations":[{"start":{"line":100,"column":11},"end":{"line":100,"column":null}},{"start":{"line":101,"column":12},"end":{"line":109,"column":null}}],"line":100}},"s":{"0":3,"1":22,"2":22,"3":22,"4":18,"5":19,"6":22,"7":18,"8":22,"9":5,"10":17,"11":18,"12":2,"13":1,"14":0,"15":0,"16":0,"17":1},"f":{"0":22,"1":18,"2":19,"3":18,"4":18,"5":2,"6":1,"7":0,"8":0,"9":1},"b":{"0":[18,1],"1":[5,17],"2":[1,16],"3":[16,2],"4":[0,0],"5":[22,2]},"meta":{"lastBranch":6,"lastFunction":10,"lastStatement":18,"seen":{"s:17:20:17:Infinity":0,"f:19:16:19:28":0,"s:20:53:20:Infinity":1,"s:21:25:21:76":2,"s:23:8:24:Infinity":3,"f:23:8:23:30":1,"s:24:4:24:Infinity":4,"b:24:4:24:51:24:51:24:Infinity":0,"f:24:17:24:23":2,"s:24:29:24:41":5,"s:26:22:26:68":6,"f:26:31:26:39":3,"s:26:50:26:66":7,"b:28:2:32:Infinity:undefined:undefined:undefined:undefined":1,"s:28:2:32:Infinity":8,"s:29:4:32:Infinity":9,"s:36:2:112:Infinity":10,"b:40:60:40:66:40:66:40:Infinity":2,"f:48:18:48:23":4,"s:49:10:89:Infinity":11,"b:61:89:61:95:61:95:61:Infinity":3,"f:72:20:72:35":5,"s:72:35:72:61":12,"f:81:20:81:35":6,"s:81:35:81:87":13,"f:95:38:95:53":7,"s:95:62:95:94":14,"b:95:62:95:71:95:71:95:94":4,"b:100:11:100:Infinity:101:12:109:Infinity":5,"f:104:14:104:25":8,"s:105:16:105:Infinity":15,"s:106:16:106:Infinity":16,"f:108:14:108:30":9,"s:108:30:108:Infinity":17}}}
,"/Users/todor/projects/bill-split/src/components/expenses/expense-step.tsx": {"path":"/Users/todor/projects/bill-split/src/components/expenses/expense-step.tsx","statementMap":{"0":{"start":{"line":15,"column":2},"end":{"line":52,"column":null}},"1":{"start":{"line":30,"column":33},"end":{"line":30,"column":null}},"2":{"start":{"line":42,"column":25},"end":{"line":42,"column":64}},"3":{"start":{"line":49,"column":25},"end":{"line":49,"column":64}}},"fnMap":{"0":{"name":"ExpenseStep","decl":{"start":{"line":14,"column":16},"end":{"line":14,"column":28}},"loc":{"start":{"line":14,"column":67},"end":{"line":52,"column":null}},"line":14},"1":{"name":"(anonymous_1)","decl":{"start":{"line":30,"column":10},"end":{"line":30,"column":21}},"loc":{"start":{"line":30,"column":33},"end":{"line":30,"column":null}},"line":30},"2":{"name":"(anonymous_2)","decl":{"start":{"line":42,"column":10},"end":{"line":42,"column":25}},"loc":{"start":{"line":42,"column":25},"end":{"line":42,"column":64}},"line":42},"3":{"name":"(anonymous_3)","decl":{"start":{"line":49,"column":10},"end":{"line":49,"column":25}},"loc":{"start":{"line":49,"column":25},"end":{"line":49,"column":64}},"line":49}},"branchMap":{},"s":{"0":7,"1":0,"2":1,"3":1},"f":{"0":7,"1":0,"2":1,"3":1},"b":{},"meta":{"lastBranch":0,"lastFunction":4,"lastStatement":4,"seen":{"f:14:16:14:28":0,"s:15:2:52:Infinity":0,"f:30:10:30:21":1,"s:30:33:30:Infinity":1,"f:42:10:42:25":2,"s:42:25:42:64":2,"f:49:10:49:25":3,"s:49:25:49:64":3}}}
,"/Users/todor/projects/bill-split/src/components/expenses/split-config.tsx": {"path":"/Users/todor/projects/bill-split/src/components/expenses/split-config.tsx","statementMap":{"0":{"start":{"line":25,"column":8},"end":{"line":29,"column":null}},"1":{"start":{"line":26,"column":4},"end":{"line":29,"column":null}},"2":{"start":{"line":27,"column":6},"end":{"line":27,"column":null}},"3":{"start":{"line":29,"column":6},"end":{"line":29,"column":null}},"4":{"start":{"line":29,"column":52},"end":{"line":29,"column":63}},"5":{"start":{"line":33,"column":8},"end":{"line":40,"column":null}},"6":{"start":{"line":34,"column":21},"end":{"line":34,"column":80}},"7":{"start":{"line":34,"column":46},"end":{"line":34,"column":80}},"8":{"start":{"line":35,"column":4},"end":{"line":40,"column":null}},"9":{"start":{"line":36,"column":6},"end":{"line":38,"column":null}},"10":{"start":{"line":37,"column":33},"end":{"line":37,"column":90}},"11":{"start":{"line":40,"column":6},"end":{"line":40,"column":null}},"12":{"start":{"line":44,"column":8},"end":{"line":45,"column":null}},"13":{"start":{"line":45,"column":4},"end":{"line":45,"column":null}},"14":{"start":{"line":45,"column":36},"end":{"line":45,"column":59}},"15":{"start":{"line":48,"column":2},"end":{"line":70,"column":null}},"16":{"start":{"line":49,"column":4},"end":{"line":70,"column":null}},"17":{"start":{"line":54,"column":12},"end":{"line":68,"column":null}},"18":{"start":{"line":58,"column":46},"end":{"line":58,"column":null}},"19":{"start":{"line":75,"column":2},"end":{"line":111,"column":null}},"20":{"start":{"line":76,"column":18},"end":{"line":76,"column":63}},"21":{"start":{"line":76,"column":48},"end":{"line":76,"column":61}},"22":{"start":{"line":77,"column":22},"end":{"line":77,"column":null}},"23":{"start":{"line":79,"column":4},"end":{"line":111,"column":null}},"24":{"start":{"line":91,"column":12},"end":{"line":109,"column":null}},"25":{"start":{"line":99,"column":33},"end":{"line":99,"column":84}},"26":{"start":{"line":117,"column":21},"end":{"line":117,"column":66}},"27":{"start":{"line":117,"column":51},"end":{"line":117,"column":64}},"28":{"start":{"line":118,"column":25},"end":{"line":118,"column":null}},"29":{"start":{"line":120,"column":2},"end":{"line":147,"column":null}},"30":{"start":{"line":134,"column":10},"end":{"line":145,"column":null}},"31":{"start":{"line":141,"column":31},"end":{"line":141,"column":82}}},"fnMap":{"0":{"name":"SplitConfig","decl":{"start":{"line":16,"column":16},"end":{"line":16,"column":28}},"loc":{"start":{"line":24,"column":21},"end":{"line":147,"column":null}},"line":24},"1":{"name":"(anonymous_1)","decl":{"start":{"line":25,"column":8},"end":{"line":25,"column":29}},"loc":{"start":{"line":25,"column":62},"end":{"line":29,"column":null}},"line":25},"2":{"name":"(anonymous_2)","decl":{"start":{"line":29,"column":36},"end":{"line":29,"column":44}},"loc":{"start":{"line":29,"column":52},"end":{"line":29,"column":63}},"line":29},"3":{"name":"(anonymous_3)","decl":{"start":{"line":33,"column":8},"end":{"line":33,"column":24}},"loc":{"start":{"line":33,"column":65},"end":{"line":40,"column":null}},"line":33},"4":{"name":"(anonymous_4)","decl":{"start":{"line":34,"column":34},"end":{"line":34,"column":40}},"loc":{"start":{"line":34,"column":46},"end":{"line":34,"column":80}},"line":34},"5":{"name":"(anonymous_5)","decl":{"start":{"line":37,"column":21},"end":{"line":37,"column":26}},"loc":{"start":{"line":37,"column":33},"end":{"line":37,"column":90}},"line":37},"6":{"name":"(anonymous_6)","decl":{"start":{"line":44,"column":8},"end":{"line":44,"column":26}},"loc":{"start":{"line":44,"column":49},"end":{"line":45,"column":null}},"line":44},"7":{"name":"(anonymous_7)","decl":{"start":{"line":45,"column":24},"end":{"line":45,"column":30}},"loc":{"start":{"line":45,"column":36},"end":{"line":45,"column":59}},"line":45},"8":{"name":"(anonymous_8)","decl":{"start":{"line":53,"column":24},"end":{"line":53,"column":29}},"loc":{"start":{"line":54,"column":12},"end":{"line":68,"column":null}},"line":54},"9":{"name":"(anonymous_9)","decl":{"start":{"line":58,"column":16},"end":{"line":58,"column":34}},"loc":{"start":{"line":58,"column":46},"end":{"line":58,"column":null}},"line":58},"10":{"name":"(anonymous_10)","decl":{"start":{"line":76,"column":31},"end":{"line":76,"column":39}},"loc":{"start":{"line":76,"column":48},"end":{"line":76,"column":61}},"line":76},"11":{"name":"(anonymous_11)","decl":{"start":{"line":90,"column":24},"end":{"line":90,"column":29}},"loc":{"start":{"line":91,"column":12},"end":{"line":109,"column":null}},"line":91},"12":{"name":"(anonymous_12)","decl":{"start":{"line":99,"column":16},"end":{"line":99,"column":27}},"loc":{"start":{"line":99,"column":33},"end":{"line":99,"column":84}},"line":99},"13":{"name":"(anonymous_13)","decl":{"start":{"line":117,"column":34},"end":{"line":117,"column":42}},"loc":{"start":{"line":117,"column":51},"end":{"line":117,"column":64}},"line":117},"14":{"name":"(anonymous_14)","decl":{"start":{"line":133,"column":22},"end":{"line":133,"column":27}},"loc":{"start":{"line":134,"column":10},"end":{"line":145,"column":null}},"line":134},"15":{"name":"(anonymous_15)","decl":{"start":{"line":141,"column":14},"end":{"line":141,"column":25}},"loc":{"start":{"line":141,"column":31},"end":{"line":141,"column":82}},"line":141}},"branchMap":{"0":{"loc":{"start":{"line":26,"column":4},"end":{"line":29,"column":null}},"type":"if","locations":[{"start":{"line":26,"column":4},"end":{"line":29,"column":null}},{"start":{"line":28,"column":11},"end":{"line":29,"column":null}}],"line":26},"1":{"loc":{"start":{"line":35,"column":4},"end":{"line":40,"column":null}},"type":"if","locations":[{"start":{"line":35,"column":4},"end":{"line":40,"column":null}},{"start":{"line":39,"column":11},"end":{"line":40,"column":null}}],"line":35},"2":{"loc":{"start":{"line":37,"column":33},"end":{"line":37,"column":90}},"type":"cond-expr","locations":[{"start":{"line":37,"column":69},"end":{"line":37,"column":87}},{"start":{"line":37,"column":87},"end":{"line":37,"column":90}}],"line":37},"3":{"loc":{"start":{"line":45,"column":11},"end":{"line":45,"column":null}},"type":"binary-expr","locations":[{"start":{"line":45,"column":11},"end":{"line":45,"column":70}},{"start":{"line":45,"column":70},"end":{"line":45,"column":null}}],"line":45},"4":{"loc":{"start":{"line":48,"column":2},"end":{"line":70,"column":null}},"type":"if","locations":[{"start":{"line":48,"column":2},"end":{"line":70,"column":null}},{"start":{},"end":{}}],"line":48},"5":{"loc":{"start":{"line":63,"column":15},"end":{"line":66,"column":null}},"type":"binary-expr","locations":[{"start":{"line":63,"column":15},"end":{"line":63,"column":40}},{"start":{"line":63,"column":44},"end":{"line":63,"column":69}},{"start":{"line":63,"column":69},"end":{"line":63,"column":null}},{"start":{"line":64,"column":16},"end":{"line":66,"column":null}}],"line":63},"6":{"loc":{"start":{"line":75,"column":2},"end":{"line":111,"column":null}},"type":"if","locations":[{"start":{"line":75,"column":2},"end":{"line":111,"column":null}},{"start":{},"end":{}}],"line":75},"7":{"loc":{"start":{"line":84,"column":46},"end":{"line":84,"column":null}},"type":"cond-expr","locations":[{"start":{"line":84,"column":75},"end":{"line":84,"column":114}},{"start":{"line":84,"column":114},"end":{"line":84,"column":null}}],"line":84},"8":{"loc":{"start":{"line":86,"column":13},"end":{"line":86,"column":null}},"type":"cond-expr","locations":[{"start":{"line":86,"column":31},"end":{"line":86,"column":42}},{"start":{"line":86,"column":42},"end":{"line":86,"column":null}}],"line":86},"9":{"loc":{"start":{"line":98,"column":23},"end":{"line":98,"column":null}},"type":"binary-expr","locations":[{"start":{"line":98,"column":23},"end":{"line":98,"column":43}},{"start":{"line":98,"column":47},"end":{"line":98,"column":null}}],"line":98},"10":{"loc":{"start":{"line":99,"column":52},"end":{"line":99,"column":84}},"type":"binary-expr","locations":[{"start":{"line":99,"column":52},"end":{"line":99,"column":78}},{"start":{"line":99,"column":82},"end":{"line":99,"column":84}}],"line":99},"11":{"loc":{"start":{"line":104,"column":15},"end":{"line":107,"column":null}},"type":"binary-expr","locations":[{"start":{"line":104,"column":15},"end":{"line":104,"column":34}},{"start":{"line":104,"column":34},"end":{"line":104,"column":null}},{"start":{"line":105,"column":16},"end":{"line":107,"column":null}}],"line":104},"12":{"loc":{"start":{"line":125,"column":44},"end":{"line":125,"column":null}},"type":"cond-expr","locations":[{"start":{"line":125,"column":78},"end":{"line":125,"column":117}},{"start":{"line":125,"column":117},"end":{"line":125,"column":null}}],"line":125},"13":{"loc":{"start":{"line":127,"column":11},"end":{"line":129,"column":null}},"type":"cond-expr","locations":[{"start":{"line":128,"column":14},"end":{"line":128,"column":null}},{"start":{"line":129,"column":14},"end":{"line":129,"column":null}}],"line":127},"14":{"loc":{"start":{"line":140,"column":21},"end":{"line":140,"column":null}},"type":"binary-expr","locations":[{"start":{"line":140,"column":21},"end":{"line":140,"column":41}},{"start":{"line":140,"column":45},"end":{"line":140,"column":null}}],"line":140},"15":{"loc":{"start":{"line":141,"column":50},"end":{"line":141,"column":82}},"type":"binary-expr","locations":[{"start":{"line":141,"column":50},"end":{"line":141,"column":76}},{"start":{"line":141,"column":80},"end":{"line":141,"column":82}}],"line":141}},"s":{"0":41,"1":2,"2":1,"3":1,"4":3,"5":41,"6":4,"7":0,"8":4,"9":0,"10":0,"11":4,"12":41,"13":48,"14":46,"15":41,"16":29,"17":63,"18":2,"19":12,"20":6,"21":8,"22":6,"23":6,"24":16,"25":2,"26":6,"27":8,"28":6,"29":6,"30":16,"31":2},"f":{"0":41,"1":2,"2":3,"3":4,"4":0,"5":0,"6":48,"7":46,"8":63,"9":2,"10":8,"11":16,"12":2,"13":8,"14":16,"15":2},"b":{"0":[1,1],"1":[0,4],"2":[0,0],"3":[48,24],"4":[29,12],"5":[63,62,62,23],"6":[6,6],"7":[2,4],"8":[2,4],"9":[16,10],"10":[2,1],"11":[16,12,4],"12":[3,3],"13":[3,3],"14":[16,12],"15":[2,1]},"meta":{"lastBranch":16,"lastFunction":16,"lastStatement":32,"seen":{"f:16:16:16:28":0,"s:25:8:29:Infinity":0,"f:25:8:25:29":1,"b:26:4:29:Infinity:28:11:29:Infinity":0,"s:26:4:29:Infinity":1,"s:27:6:27:Infinity":2,"s:29:6:29:Infinity":3,"f:29:36:29:44":2,"s:29:52:29:63":4,"s:33:8:40:Infinity":5,"f:33:8:33:24":3,"s:34:21:34:80":6,"f:34:34:34:40":4,"s:34:46:34:80":7,"b:35:4:40:Infinity:39:11:40:Infinity":1,"s:35:4:40:Infinity":8,"s:36:6:38:Infinity":9,"f:37:21:37:26":5,"s:37:33:37:90":10,"b:37:69:37:87:37:87:37:90":2,"s:40:6:40:Infinity":11,"s:44:8:45:Infinity":12,"f:44:8:44:26":6,"s:45:4:45:Infinity":13,"b:45:11:45:70:45:70:45:Infinity":3,"f:45:24:45:30":7,"s:45:36:45:59":14,"b:48:2:70:Infinity:undefined:undefined:undefined:undefined":4,"s:48:2:70:Infinity":15,"s:49:4:70:Infinity":16,"f:53:24:53:29":8,"s:54:12:68:Infinity":17,"f:58:16:58:34":9,"s:58:46:58:Infinity":18,"b:63:15:63:40:63:44:63:69:63:69:63:Infinity:64:16:66:Infinity":5,"b:75:2:111:Infinity:undefined:undefined:undefined:undefined":6,"s:75:2:111:Infinity":19,"s:76:18:76:63":20,"f:76:31:76:39":10,"s:76:48:76:61":21,"s:77:22:77:Infinity":22,"s:79:4:111:Infinity":23,"b:84:75:84:114:84:114:84:Infinity":7,"b:86:31:86:42:86:42:86:Infinity":8,"f:90:24:90:29":11,"s:91:12:109:Infinity":24,"b:98:23:98:43:98:47:98:Infinity":9,"f:99:16:99:27":12,"s:99:33:99:84":25,"b:99:52:99:78:99:82:99:84":10,"b:104:15:104:34:104:34:104:Infinity:105:16:107:Infinity":11,"s:117:21:117:66":26,"f:117:34:117:42":13,"s:117:51:117:64":27,"s:118:25:118:Infinity":28,"s:120:2:147:Infinity":29,"b:125:78:125:117:125:117:125:Infinity":12,"b:128:14:128:Infinity:129:14:129:Infinity":13,"f:133:22:133:27":14,"s:134:10:145:Infinity":30,"b:140:21:140:41:140:45:140:Infinity":14,"f:141:14:141:25":15,"s:141:31:141:82":31,"b:141:50:141:76:141:80:141:82":15}}}
,"/Users/todor/projects/bill-split/src/components/participants/participant-form.tsx": {"path":"/Users/todor/projects/bill-split/src/components/participants/participant-form.tsx","statementMap":{"0":{"start":{"line":13,"column":15},"end":{"line":13,"column":38}},"1":{"start":{"line":14,"column":16},"end":{"line":14,"column":40}},"2":{"start":{"line":16,"column":8},"end":{"line":29,"column":null}},"3":{"start":{"line":17,"column":4},"end":{"line":17,"column":null}},"4":{"start":{"line":18,"column":20},"end":{"line":18,"column":31}},"5":{"start":{"line":19,"column":4},"end":{"line":21,"column":null}},"6":{"start":{"line":20,"column":6},"end":{"line":20,"column":null}},"7":{"start":{"line":21,"column":6},"end":{"line":21,"column":null}},"8":{"start":{"line":23,"column":4},"end":{"line":25,"column":null}},"9":{"start":{"line":23,"column":33},"end":{"line":23,"column":79}},"10":{"start":{"line":24,"column":6},"end":{"line":24,"column":null}},"11":{"start":{"line":25,"column":6},"end":{"line":25,"column":null}},"12":{"start":{"line":27,"column":4},"end":{"line":27,"column":null}},"13":{"start":{"line":28,"column":4},"end":{"line":28,"column":null}},"14":{"start":{"line":29,"column":4},"end":{"line":29,"column":null}},"15":{"start":{"line":32,"column":2},"end":{"line":48,"column":null}},"16":{"start":{"line":41,"column":12},"end":{"line":41,"column":null}},"17":{"start":{"line":42,"column":12},"end":{"line":42,"column":null}}},"fnMap":{"0":{"name":"ParticipantForm","decl":{"start":{"line":12,"column":16},"end":{"line":12,"column":32}},"loc":{"start":{"line":12,"column":79},"end":{"line":48,"column":null}},"line":12},"1":{"name":"(anonymous_1)","decl":{"start":{"line":16,"column":8},"end":{"line":16,"column":24}},"loc":{"start":{"line":16,"column":47},"end":{"line":29,"column":null}},"line":16},"2":{"name":"(anonymous_2)","decl":{"start":{"line":23,"column":21},"end":{"line":23,"column":27}},"loc":{"start":{"line":23,"column":33},"end":{"line":23,"column":79}},"line":23},"3":{"name":"(anonymous_3)","decl":{"start":{"line":40,"column":10},"end":{"line":40,"column":21}},"loc":{"start":{"line":40,"column":27},"end":{"line":42,"column":null}},"line":40}},"branchMap":{"0":{"loc":{"start":{"line":19,"column":4},"end":{"line":21,"column":null}},"type":"if","locations":[{"start":{"line":19,"column":4},"end":{"line":21,"column":null}},{"start":{},"end":{}}],"line":19},"1":{"loc":{"start":{"line":23,"column":4},"end":{"line":25,"column":null}},"type":"if","locations":[{"start":{"line":23,"column":4},"end":{"line":25,"column":null}},{"start":{},"end":{}}],"line":23},"2":{"loc":{"start":{"line":48,"column":7},"end":{"line":48,"column":null}},"type":"binary-expr","locations":[{"start":{"line":48,"column":7},"end":{"line":48,"column":16}},{"start":{"line":48,"column":16},"end":{"line":48,"column":null}}],"line":48}},"s":{"0":71,"1":71,"2":71,"3":10,"4":10,"5":10,"6":3,"7":3,"8":7,"9":3,"10":3,"11":3,"12":4,"13":4,"14":4,"15":71,"16":34,"17":34},"f":{"0":71,"1":10,"2":3,"3":34},"b":{"0":[3,7],"1":[3,4],"2":[71,6]},"meta":{"lastBranch":3,"lastFunction":4,"lastStatement":18,"seen":{"f:12:16:12:32":0,"s:13:15:13:38":0,"s:14:16:14:40":1,"s:16:8:29:Infinity":2,"f:16:8:16:24":1,"s:17:4:17:Infinity":3,"s:18:20:18:31":4,"b:19:4:21:Infinity:undefined:undefined:undefined:undefined":0,"s:19:4:21:Infinity":5,"s:20:6:20:Infinity":6,"s:21:6:21:Infinity":7,"b:23:4:25:Infinity:undefined:undefined:undefined:undefined":1,"s:23:4:25:Infinity":8,"f:23:21:23:27":2,"s:23:33:23:79":9,"s:24:6:24:Infinity":10,"s:25:6:25:Infinity":11,"s:27:4:27:Infinity":12,"s:28:4:28:Infinity":13,"s:29:4:29:Infinity":14,"s:32:2:48:Infinity":15,"f:40:10:40:21":3,"s:41:12:41:Infinity":16,"s:42:12:42:Infinity":17,"b:48:7:48:16:48:16:48:Infinity":2}}}
,"/Users/todor/projects/bill-split/src/components/participants/participant-list.tsx": {"path":"/Users/todor/projects/bill-split/src/components/participants/participant-list.tsx","statementMap":{"0":{"start":{"line":11,"column":2},"end":{"line":15,"column":null}},"1":{"start":{"line":12,"column":4},"end":{"line":15,"column":null}},"2":{"start":{"line":19,"column":2},"end":{"line":43,"column":null}},"3":{"start":{"line":22,"column":8},"end":{"line":41,"column":null}},"4":{"start":{"line":36,"column":27},"end":{"line":36,"column":41}}},"fnMap":{"0":{"name":"ParticipantList","decl":{"start":{"line":10,"column":16},"end":{"line":10,"column":32}},"loc":{"start":{"line":10,"column":82},"end":{"line":43,"column":null}},"line":10},"1":{"name":"(anonymous_1)","decl":{"start":{"line":21,"column":20},"end":{"line":21,"column":25}},"loc":{"start":{"line":22,"column":8},"end":{"line":41,"column":null}},"line":22},"2":{"name":"(anonymous_2)","decl":{"start":{"line":36,"column":12},"end":{"line":36,"column":27}},"loc":{"start":{"line":36,"column":27},"end":{"line":36,"column":41}},"line":36}},"branchMap":{"0":{"loc":{"start":{"line":11,"column":2},"end":{"line":15,"column":null}},"type":"if","locations":[{"start":{"line":11,"column":2},"end":{"line":15,"column":null}},{"start":{},"end":{}}],"line":11}},"s":{"0":22,"1":5,"2":17,"3":38,"4":3},"f":{"0":22,"1":38,"2":3},"b":{"0":[5,17]},"meta":{"lastBranch":1,"lastFunction":3,"lastStatement":5,"seen":{"f:10:16:10:32":0,"b:11:2:15:Infinity:undefined:undefined:undefined:undefined":0,"s:11:2:15:Infinity":0,"s:12:4:15:Infinity":1,"s:19:2:43:Infinity":2,"f:21:20:21:25":1,"s:22:8:41:Infinity":3,"f:36:12:36:27":2,"s:36:27:36:41":4}}}
,"/Users/todor/projects/bill-split/src/components/participants/participant-step.tsx": {"path":"/Users/todor/projects/bill-split/src/components/participants/participant-step.tsx","statementMap":{"0":{"start":{"line":14,"column":27},"end":{"line":14,"column":null}},"1":{"start":{"line":15,"column":21},"end":{"line":15,"column":null}},"2":{"start":{"line":17,"column":2},"end":{"line":50,"column":null}},"3":{"start":{"line":32,"column":27},"end":{"line":32,"column":null}},"4":{"start":{"line":36,"column":28},"end":{"line":36,"column":null}},"5":{"start":{"line":47,"column":25},"end":{"line":47,"column":64}}},"fnMap":{"0":{"name":"ParticipantStep","decl":{"start":{"line":13,"column":16},"end":{"line":13,"column":32}},"loc":{"start":{"line":13,"column":75},"end":{"line":50,"column":null}},"line":13},"1":{"name":"(anonymous_1)","decl":{"start":{"line":32,"column":10},"end":{"line":32,"column":18}},"loc":{"start":{"line":32,"column":27},"end":{"line":32,"column":null}},"line":32},"2":{"name":"(anonymous_2)","decl":{"start":{"line":36,"column":10},"end":{"line":36,"column":21}},"loc":{"start":{"line":36,"column":28},"end":{"line":36,"column":null}},"line":36},"3":{"name":"(anonymous_3)","decl":{"start":{"line":47,"column":10},"end":{"line":47,"column":25}},"loc":{"start":{"line":47,"column":25},"end":{"line":47,"column":64}},"line":47}},"branchMap":{"0":{"loc":{"start":{"line":41,"column":9},"end":{"line":44,"column":9}},"type":"binary-expr","locations":[{"start":{"line":41,"column":9},"end":{"line":41,"column":24}},{"start":{"line":41,"column":24},"end":{"line":41,"column":null}},{"start":{"line":42,"column":10},"end":{"line":44,"column":9}}],"line":41}},"s":{"0":15,"1":15,"2":15,"3":1,"4":1,"5":1},"f":{"0":15,"1":1,"2":1,"3":1},"b":{"0":[15,6,2]},"meta":{"lastBranch":1,"lastFunction":4,"lastStatement":6,"seen":{"f:13:16:13:32":0,"s:14:27:14:Infinity":0,"s:15:21:15:Infinity":1,"s:17:2:50:Infinity":2,"f:32:10:32:18":1,"s:32:27:32:Infinity":3,"f:36:10:36:21":2,"s:36:28:36:Infinity":4,"b:41:9:41:24:41:24:41:Infinity:42:10:44:9":0,"f:47:10:47:25":3,"s:47:25:47:64":5}}}
,"/Users/todor/projects/bill-split/src/components/settlement/flow-diagram.tsx": {"path":"/Users/todor/projects/bill-split/src/components/settlement/flow-diagram.tsx","statementMap":{"0":{"start":{"line":12,"column":19},"end":{"line":12,"column":null}},"1":{"start":{"line":13,"column":20},"end":{"line":13,"column":null}},"2":{"start":{"line":14,"column":20},"end":{"line":14,"column":null}},"3":{"start":{"line":15,"column":16},"end":{"line":15,"column":null}},"4":{"start":{"line":16,"column":16},"end":{"line":16,"column":null}},"5":{"start":{"line":17,"column":16},"end":{"line":17,"column":null}},"6":{"start":{"line":21,"column":2},"end":{"line":21,"column":null}},"7":{"start":{"line":26,"column":2},"end":{"line":35,"column":null}},"8":{"start":{"line":27,"column":19},"end":{"line":27,"column":51}},"9":{"start":{"line":28,"column":4},"end":{"line":28,"column":null}},"10":{"start":{"line":29,"column":16},"end":{"line":29,"column":39}},"11":{"start":{"line":30,"column":4},"end":{"line":30,"column":null}},"12":{"start":{"line":31,"column":4},"end":{"line":31,"column":null}},"13":{"start":{"line":32,"column":22},"end":{"line":32,"column":null}},"14":{"start":{"line":33,"column":4},"end":{"line":33,"column":null}},"15":{"start":{"line":35,"column":4},"end":{"line":35,"column":null}},"16":{"start":{"line":39,"column":13},"end":{"line":410,"column":null}},"17":{"start":{"line":41,"column":24},"end":{"line":41,"column":57}},"18":{"start":{"line":43,"column":4},"end":{"line":43,"column":null}},"19":{"start":{"line":43,"column":35},"end":{"line":43,"column":null}},"20":{"start":{"line":45,"column":10},"end":{"line":45,"column":null}},"21":{"start":{"line":45,"column":36},"end":{"line":45,"column":null}},"22":{"start":{"line":45,"column":61},"end":{"line":45,"column":73}},"23":{"start":{"line":47,"column":22},"end":{"line":47,"column":69}},"24":{"start":{"line":47,"column":58},"end":{"line":47,"column":67}},"25":{"start":{"line":48,"column":24},"end":{"line":48,"column":69}},"26":{"start":{"line":48,"column":60},"end":{"line":48,"column":67}},"27":{"start":{"line":50,"column":22},"end":{"line":50,"column":null}},"28":{"start":{"line":51,"column":23},"end":{"line":51,"column":null}},"29":{"start":{"line":52,"column":21},"end":{"line":52,"column":52}},"30":{"start":{"line":54,"column":22},"end":{"line":54,"column":null}},"31":{"start":{"line":55,"column":21},"end":{"line":55,"column":null}},"32":{"start":{"line":57,"column":18},"end":{"line":57,"column":null}},"33":{"start":{"line":58,"column":19},"end":{"line":58,"column":null}},"34":{"start":{"line":60,"column":10},"end":{"line":63,"column":null}},"35":{"start":{"line":61,"column":26},"end":{"line":61,"column":null}},"36":{"start":{"line":62,"column":12},"end":{"line":62,"column":null}},"37":{"start":{"line":63,"column":6},"end":{"line":63,"column":null}},"38":{"start":{"line":66,"column":28},"end":{"line":67,"column":null}},"39":{"start":{"line":67,"column":31},"end":{"line":67,"column":73}},"40":{"start":{"line":69,"column":30},"end":{"line":70,"column":null}},"41":{"start":{"line":70,"column":33},"end":{"line":70,"column":77}},"42":{"start":{"line":73,"column":22},"end":{"line":229,"column":null}},"43":{"start":{"line":75,"column":25},"end":{"line":75,"column":51}},"44":{"start":{"line":76,"column":28},"end":{"line":76,"column":57}},"45":{"start":{"line":77,"column":28},"end":{"line":77,"column":57}},"46":{"start":{"line":78,"column":22},"end":{"line":78,"column":45}},"47":{"start":{"line":79,"column":24},"end":{"line":79,"column":49}},"48":{"start":{"line":80,"column":25},"end":{"line":80,"column":60}},"49":{"start":{"line":82,"column":22},"end":{"line":82,"column":46}},"50":{"start":{"line":83,"column":25},"end":{"line":83,"column":52}},"51":{"start":{"line":84,"column":25},"end":{"line":84,"column":52}},"52":{"start":{"line":85,"column":19},"end":{"line":85,"column":40}},"53":{"start":{"line":86,"column":21},"end":{"line":86,"column":44}},"54":{"start":{"line":87,"column":22},"end":{"line":87,"column":46}},"55":{"start":{"line":90,"column":27},"end":{"line":90,"column":82}},"56":{"start":{"line":92,"column":20},"end":{"line":92,"column":null}},"57":{"start":{"line":93,"column":16},"end":{"line":93,"column":null}},"58":{"start":{"line":94,"column":16},"end":{"line":94,"column":null}},"59":{"start":{"line":96,"column":21},"end":{"line":96,"column":53}},"60":{"start":{"line":97,"column":6},"end":{"line":97,"column":null}},"61":{"start":{"line":98,"column":6},"end":{"line":98,"column":null}},"62":{"start":{"line":99,"column":18},"end":{"line":99,"column":41}},"63":{"start":{"line":100,"column":6},"end":{"line":100,"column":null}},"64":{"start":{"line":103,"column":6},"end":{"line":103,"column":null}},"65":{"start":{"line":104,"column":6},"end":{"line":104,"column":null}},"66":{"start":{"line":107,"column":6},"end":{"line":107,"column":null}},"67":{"start":{"line":108,"column":6},"end":{"line":108,"column":null}},"68":{"start":{"line":109,"column":6},"end":{"line":109,"column":null}},"69":{"start":{"line":110,"column":6},"end":{"line":110,"column":null}},"70":{"start":{"line":111,"column":6},"end":{"line":111,"column":null}},"71":{"start":{"line":114,"column":12},"end":{"line":125,"column":null}},"72":{"start":{"line":115,"column":8},"end":{"line":115,"column":null}},"73":{"start":{"line":116,"column":8},"end":{"line":116,"column":null}},"74":{"start":{"line":117,"column":8},"end":{"line":117,"column":null}},"75":{"start":{"line":118,"column":8},"end":{"line":118,"column":null}},"76":{"start":{"line":119,"column":8},"end":{"line":119,"column":null}},"77":{"start":{"line":120,"column":8},"end":{"line":120,"column":null}},"78":{"start":{"line":121,"column":8},"end":{"line":121,"column":null}},"79":{"start":{"line":122,"column":8},"end":{"line":122,"column":null}},"80":{"start":{"line":123,"column":8},"end":{"line":123,"column":null}},"81":{"start":{"line":124,"column":8},"end":{"line":124,"column":null}},"82":{"start":{"line":125,"column":8},"end":{"line":125,"column":null}},"83":{"start":{"line":129,"column":6},"end":{"line":173,"column":null}},"84":{"start":{"line":130,"column":21},"end":{"line":130,"column":50}},"85":{"start":{"line":131,"column":19},"end":{"line":131,"column":48}},"86":{"start":{"line":132,"column":8},"end":{"line":132,"column":null}},"87":{"start":{"line":132,"column":26},"end":{"line":132,"column":null}},"88":{"start":{"line":134,"column":19},"end":{"line":134,"column":null}},"89":{"start":{"line":135,"column":19},"end":{"line":135,"column":null}},"90":{"start":{"line":136,"column":19},"end":{"line":136,"column":null}},"91":{"start":{"line":137,"column":19},"end":{"line":137,"column":null}},"92":{"start":{"line":138,"column":14},"end":{"line":138,"column":null}},"93":{"start":{"line":140,"column":8},"end":{"line":140,"column":null}},"94":{"start":{"line":141,"column":8},"end":{"line":141,"column":null}},"95":{"start":{"line":142,"column":8},"end":{"line":142,"column":null}},"96":{"start":{"line":143,"column":8},"end":{"line":143,"column":null}},"97":{"start":{"line":144,"column":8},"end":{"line":144,"column":null}},"98":{"start":{"line":145,"column":8},"end":{"line":145,"column":null}},"99":{"start":{"line":148,"column":8},"end":{"line":148,"column":null}},"100":{"start":{"line":149,"column":8},"end":{"line":149,"column":null}},"101":{"start":{"line":150,"column":8},"end":{"line":150,"column":null}},"102":{"start":{"line":151,"column":8},"end":{"line":151,"column":null}},"103":{"start":{"line":152,"column":8},"end":{"line":152,"column":null}},"104":{"start":{"line":153,"column":8},"end":{"line":153,"column":null}},"105":{"start":{"line":154,"column":8},"end":{"line":154,"column":null}},"106":{"start":{"line":157,"column":19},"end":{"line":157,"column":null}},"107":{"start":{"line":158,"column":19},"end":{"line":158,"column":null}},"108":{"start":{"line":159,"column":22},"end":{"line":159,"column":null}},"109":{"start":{"line":160,"column":23},"end":{"line":160,"column":null}},"110":{"start":{"line":161,"column":23},"end":{"line":161,"column":null}},"111":{"start":{"line":163,"column":8},"end":{"line":163,"column":null}},"112":{"start":{"line":164,"column":8},"end":{"line":164,"column":null}},"113":{"start":{"line":165,"column":8},"end":{"line":165,"column":null}},"114":{"start":{"line":166,"column":8},"end":{"line":166,"column":null}},"115":{"start":{"line":167,"column":8},"end":{"line":167,"column":null}},"116":{"start":{"line":168,"column":8},"end":{"line":168,"column":null}},"117":{"start":{"line":170,"column":8},"end":{"line":170,"column":null}},"118":{"start":{"line":171,"column":8},"end":{"line":171,"column":null}},"119":{"start":{"line":172,"column":8},"end":{"line":172,"column":null}},"120":{"start":{"line":173,"column":8},"end":{"line":173,"column":null}},"121":{"start":{"line":177,"column":6},"end":{"line":192,"column":null}},"122":{"start":{"line":178,"column":20},"end":{"line":178,"column":43}},"123":{"start":{"line":179,"column":8},"end":{"line":179,"column":null}},"124":{"start":{"line":179,"column":18},"end":{"line":179,"column":null}},"125":{"start":{"line":180,"column":8},"end":{"line":180,"column":null}},"126":{"start":{"line":181,"column":8},"end":{"line":181,"column":null}},"127":{"start":{"line":182,"column":8},"end":{"line":182,"column":null}},"128":{"start":{"line":183,"column":8},"end":{"line":183,"column":null}},"129":{"start":{"line":184,"column":8},"end":{"line":184,"column":null}},"130":{"start":{"line":185,"column":8},"end":{"line":185,"column":null}},"131":{"start":{"line":187,"column":21},"end":{"line":187,"column":32}},"132":{"start":{"line":188,"column":22},"end":{"line":188,"column":null}},"133":{"start":{"line":189,"column":8},"end":{"line":189,"column":null}},"134":{"start":{"line":190,"column":8},"end":{"line":190,"column":null}},"135":{"start":{"line":191,"column":8},"end":{"line":191,"column":null}},"136":{"start":{"line":192,"column":8},"end":{"line":192,"column":null}},"137":{"start":{"line":196,"column":6},"end":{"line":211,"column":null}},"138":{"start":{"line":197,"column":20},"end":{"line":197,"column":45}},"139":{"start":{"line":198,"column":8},"end":{"line":198,"column":null}},"140":{"start":{"line":198,"column":18},"end":{"line":198,"column":null}},"141":{"start":{"line":199,"column":8},"end":{"line":199,"column":null}},"142":{"start":{"line":200,"column":8},"end":{"line":200,"column":null}},"143":{"start":{"line":201,"column":8},"end":{"line":201,"column":null}},"144":{"start":{"line":202,"column":8},"end":{"line":202,"column":null}},"145":{"start":{"line":203,"column":8},"end":{"line":203,"column":null}},"146":{"start":{"line":204,"column":8},"end":{"line":204,"column":null}},"147":{"start":{"line":206,"column":21},"end":{"line":206,"column":32}},"148":{"start":{"line":207,"column":22},"end":{"line":207,"column":null}},"149":{"start":{"line":208,"column":8},"end":{"line":208,"column":null}},"150":{"start":{"line":209,"column":8},"end":{"line":209,"column":null}},"151":{"start":{"line":210,"column":8},"end":{"line":210,"column":null}},"152":{"start":{"line":211,"column":8},"end":{"line":211,"column":null}},"153":{"start":{"line":214,"column":6},"end":{"line":229,"column":null}},"154":{"start":{"line":215,"column":8},"end":{"line":215,"column":null}},"155":{"start":{"line":215,"column":19},"end":{"line":215,"column":null}},"156":{"start":{"line":216,"column":8},"end":{"line":227,"column":null}},"157":{"start":{"line":217,"column":10},"end":{"line":217,"column":null}},"158":{"start":{"line":218,"column":10},"end":{"line":218,"column":null}},"159":{"start":{"line":219,"column":10},"end":{"line":219,"column":null}},"160":{"start":{"line":219,"column":27},"end":{"line":219,"column":48}},"161":{"start":{"line":222,"column":22},"end":{"line":222,"column":47}},"162":{"start":{"line":223,"column":20},"end":{"line":223,"column":47}},"163":{"start":{"line":224,"column":10},"end":{"line":224,"column":null}},"164":{"start":{"line":225,"column":10},"end":{"line":225,"column":null}},"165":{"start":{"line":226,"column":10},"end":{"line":226,"column":null}},"166":{"start":{"line":227,"column":10},"end":{"line":227,"column":null}},"167":{"start":{"line":232,"column":4},"end":{"line":406,"column":null}},"168":{"start":{"line":261,"column":27},"end":{"line":261,"column":56}},"169":{"start":{"line":262,"column":25},"end":{"line":262,"column":54}},"170":{"start":{"line":263,"column":14},"end":{"line":263,"column":null}},"171":{"start":{"line":263,"column":32},"end":{"line":263,"column":null}},"172":{"start":{"line":265,"column":25},"end":{"line":265,"column":null}},"173":{"start":{"line":266,"column":25},"end":{"line":266,"column":null}},"174":{"start":{"line":267,"column":25},"end":{"line":267,"column":null}},"175":{"start":{"line":268,"column":25},"end":{"line":268,"column":null}},"176":{"start":{"line":270,"column":20},"end":{"line":270,"column":null}},"177":{"start":{"line":271,"column":26},"end":{"line":271,"column":null}},"178":{"start":{"line":272,"column":26},"end":{"line":272,"column":null}},"179":{"start":{"line":274,"column":26},"end":{"line":274,"column":null}},"180":{"start":{"line":275,"column":20},"end":{"line":275,"column":null}},"181":{"start":{"line":276,"column":20},"end":{"line":279,"column":null}},"182":{"start":{"line":281,"column":14},"end":{"line":307,"column":null}},"183":{"start":{"line":313,"column":26},"end":{"line":313,"column":49}},"184":{"start":{"line":314,"column":14},"end":{"line":314,"column":null}},"185":{"start":{"line":314,"column":24},"end":{"line":314,"column":null}},"186":{"start":{"line":315,"column":14},"end":{"line":335,"column":null}},"187":{"start":{"line":341,"column":26},"end":{"line":341,"column":51}},"188":{"start":{"line":342,"column":14},"end":{"line":342,"column":null}},"189":{"start":{"line":342,"column":24},"end":{"line":342,"column":null}},"190":{"start":{"line":343,"column":14},"end":{"line":363,"column":null}}},"fnMap":{"0":{"name":"resolveCssVar","decl":{"start":{"line":20,"column":9},"end":{"line":20,"column":23}},"loc":{"start":{"line":20,"column":48},"end":{"line":21,"column":null}},"line":20},"1":{"name":"resolveColor","decl":{"start":{"line":25,"column":9},"end":{"line":25,"column":22}},"loc":{"start":{"line":25,"column":48},"end":{"line":35,"column":null}},"line":25},"2":{"name":"FlowDiagram","decl":{"start":{"line":40,"column":11},"end":{"line":40,"column":23}},"loc":{"start":{"line":40,"column":76},"end":{"line":410,"column":null}},"line":40},"3":{"name":"(anonymous_3)","decl":{"start":{"line":45,"column":10},"end":{"line":45,"column":21}},"loc":{"start":{"line":45,"column":36},"end":{"line":45,"column":null}},"line":45},"4":{"name":"(anonymous_4)","decl":{"start":{"line":45,"column":49},"end":{"line":45,"column":55}},"loc":{"start":{"line":45,"column":61},"end":{"line":45,"column":73}},"line":45},"5":{"name":"(anonymous_5)","decl":{"start":{"line":47,"column":47},"end":{"line":47,"column":52}},"loc":{"start":{"line":47,"column":58},"end":{"line":47,"column":67}},"line":47},"6":{"name":"(anonymous_6)","decl":{"start":{"line":48,"column":49},"end":{"line":48,"column":54}},"loc":{"start":{"line":48,"column":60},"end":{"line":48,"column":67}},"line":48},"7":{"name":"(anonymous_7)","decl":{"start":{"line":60,"column":10},"end":{"line":60,"column":19}},"loc":{"start":{"line":60,"column":52},"end":{"line":63,"column":null}},"line":60},"8":{"name":"(anonymous_8)","decl":{"start":{"line":67,"column":16},"end":{"line":67,"column":21}},"loc":{"start":{"line":67,"column":31},"end":{"line":67,"column":73}},"line":67},"9":{"name":"(anonymous_9)","decl":{"start":{"line":70,"column":18},"end":{"line":70,"column":23}},"loc":{"start":{"line":70,"column":33},"end":{"line":70,"column":77}},"line":70},"10":{"name":"(anonymous_10)","decl":{"start":{"line":73,"column":22},"end":{"line":73,"column":34}},"loc":{"start":{"line":73,"column":34},"end":{"line":229,"column":null}},"line":73},"11":{"name":"(anonymous_11)","decl":{"start":{"line":114,"column":12},"end":{"line":114,"column":25}},"loc":{"start":{"line":114,"column":83},"end":{"line":125,"column":null}},"line":114},"12":{"name":"(anonymous_12)","decl":{"start":{"line":214,"column":20},"end":{"line":214,"column":27}},"loc":{"start":{"line":214,"column":36},"end":{"line":229,"column":21}},"line":214},"13":{"name":"(anonymous_13)","decl":{"start":{"line":219,"column":10},"end":{"line":219,"column":27}},"loc":{"start":{"line":219,"column":27},"end":{"line":219,"column":48}},"line":219},"14":{"name":"(anonymous_14)","decl":{"start":{"line":260,"column":26},"end":{"line":260,"column":31}},"loc":{"start":{"line":260,"column":40},"end":{"line":309,"column":null}},"line":260},"15":{"name":"(anonymous_15)","decl":{"start":{"line":312,"column":23},"end":{"line":312,"column":28}},"loc":{"start":{"line":312,"column":35},"end":{"line":337,"column":null}},"line":312},"16":{"name":"(anonymous_16)","decl":{"start":{"line":340,"column":25},"end":{"line":340,"column":30}},"loc":{"start":{"line":340,"column":37},"end":{"line":365,"column":null}},"line":340}},"branchMap":{"0":{"loc":{"start":{"line":43,"column":4},"end":{"line":43,"column":null}},"type":"if","locations":[{"start":{"line":43,"column":4},"end":{"line":43,"column":null}},{"start":{},"end":{}}],"line":43},"1":{"loc":{"start":{"line":45,"column":36},"end":{"line":45,"column":null}},"type":"binary-expr","locations":[{"start":{"line":45,"column":36},"end":{"line":45,"column":83}},{"start":{"line":45,"column":83},"end":{"line":45,"column":null}}],"line":45},"2":{"loc":{"start":{"line":132,"column":8},"end":{"line":132,"column":null}},"type":"if","locations":[{"start":{"line":132,"column":8},"end":{"line":132,"column":null}},{"start":{},"end":{}}],"line":132},"3":{"loc":{"start":{"line":132,"column":12},"end":{"line":132,"column":26}},"type":"binary-expr","locations":[{"start":{"line":132,"column":12},"end":{"line":132,"column":21}},{"start":{"line":132,"column":21},"end":{"line":132,"column":26}}],"line":132},"4":{"loc":{"start":{"line":179,"column":8},"end":{"line":179,"column":null}},"type":"if","locations":[{"start":{"line":179,"column":8},"end":{"line":179,"column":null}},{"start":{},"end":{}}],"line":179},"5":{"loc":{"start":{"line":188,"column":22},"end":{"line":188,"column":null}},"type":"cond-expr","locations":[{"start":{"line":188,"column":41},"end":{"line":188,"column":67}},{"start":{"line":188,"column":67},"end":{"line":188,"column":null}}],"line":188},"6":{"loc":{"start":{"line":198,"column":8},"end":{"line":198,"column":null}},"type":"if","locations":[{"start":{"line":198,"column":8},"end":{"line":198,"column":null}},{"start":{},"end":{}}],"line":198},"7":{"loc":{"start":{"line":207,"column":22},"end":{"line":207,"column":null}},"type":"cond-expr","locations":[{"start":{"line":207,"column":41},"end":{"line":207,"column":67}},{"start":{"line":207,"column":67},"end":{"line":207,"column":null}}],"line":207},"8":{"loc":{"start":{"line":215,"column":8},"end":{"line":215,"column":null}},"type":"if","locations":[{"start":{"line":215,"column":8},"end":{"line":215,"column":null}},{"start":{},"end":{}}],"line":215},"9":{"loc":{"start":{"line":263,"column":14},"end":{"line":263,"column":null}},"type":"if","locations":[{"start":{"line":263,"column":14},"end":{"line":263,"column":null}},{"start":{},"end":{}}],"line":263},"10":{"loc":{"start":{"line":263,"column":18},"end":{"line":263,"column":32}},"type":"binary-expr","locations":[{"start":{"line":263,"column":18},"end":{"line":263,"column":27}},{"start":{"line":263,"column":27},"end":{"line":263,"column":32}}],"line":263},"11":{"loc":{"start":{"line":314,"column":14},"end":{"line":314,"column":null}},"type":"if","locations":[{"start":{"line":314,"column":14},"end":{"line":314,"column":null}},{"start":{},"end":{}}],"line":314},"12":{"loc":{"start":{"line":333,"column":21},"end":{"line":333,"column":null}},"type":"cond-expr","locations":[{"start":{"line":333,"column":47},"end":{"line":333,"column":80}},{"start":{"line":333,"column":80},"end":{"line":333,"column":null}}],"line":333},"13":{"loc":{"start":{"line":342,"column":14},"end":{"line":342,"column":null}},"type":"if","locations":[{"start":{"line":342,"column":14},"end":{"line":342,"column":null}},{"start":{},"end":{}}],"line":342},"14":{"loc":{"start":{"line":361,"column":21},"end":{"line":361,"column":null}},"type":"cond-expr","locations":[{"start":{"line":361,"column":47},"end":{"line":361,"column":80}},{"start":{"line":361,"column":80},"end":{"line":361,"column":null}}],"line":361},"15":{"loc":{"start":{"line":395,"column":11},"end":{"line":404,"column":null}},"type":"cond-expr","locations":[{"start":{"line":396,"column":12},"end":{"line":399,"column":null}},{"start":{"line":401,"column":12},"end":{"line":404,"column":null}}],"line":395}},"s":{"0":3,"1":3,"2":3,"3":3,"4":3,"5":3,"6":18,"7":18,"8":18,"9":18,"10":18,"11":18,"12":18,"13":18,"14":18,"15":0,"16":3,"17":32,"18":32,"19":1,"20":31,"21":130,"22":195,"23":31,"24":31,"25":31,"26":31,"27":31,"28":31,"29":31,"30":31,"31":31,"32":31,"33":31,"34":31,"35":62,"36":62,"37":62,"38":31,"39":31,"40":31,"41":31,"42":31,"43":3,"44":3,"45":3,"46":3,"47":3,"48":3,"49":3,"50":3,"51":3,"52":3,"53":3,"54":3,"55":3,"56":3,"57":3,"58":3,"59":3,"60":3,"61":3,"62":3,"63":3,"64":3,"65":3,"66":3,"67":3,"68":3,"69":3,"70":3,"71":3,"72":9,"73":9,"74":9,"75":9,"76":9,"77":9,"78":9,"79":9,"80":9,"81":9,"82":9,"83":3,"84":3,"85":3,"86":3,"87":0,"88":3,"89":3,"90":3,"91":3,"92":3,"93":3,"94":3,"95":3,"96":3,"97":3,"98":3,"99":3,"100":3,"101":3,"102":3,"103":3,"104":3,"105":3,"106":3,"107":3,"108":3,"109":3,"110":3,"111":3,"112":3,"113":3,"114":3,"115":3,"116":3,"117":3,"118":3,"119":3,"120":3,"121":3,"122":3,"123":3,"124":0,"125":3,"126":3,"127":3,"128":3,"129":3,"130":3,"131":3,"132":3,"133":3,"134":3,"135":3,"136":3,"137":3,"138":3,"139":3,"140":0,"141":3,"142":3,"143":3,"144":3,"145":3,"146":3,"147":3,"148":3,"149":3,"150":3,"151":3,"152":3,"153":3,"154":3,"155":0,"156":3,"157":3,"158":2,"159":2,"160":0,"161":1,"162":1,"163":1,"164":1,"165":1,"166":1,"167":31,"168":31,"169":31,"170":31,"171":0,"172":31,"173":31,"174":31,"175":31,"176":31,"177":31,"178":31,"179":31,"180":31,"181":31,"182":31,"183":31,"184":31,"185":0,"186":31,"187":31,"188":31,"189":0,"190":31},"f":{"0":18,"1":18,"2":32,"3":130,"4":195,"5":31,"6":31,"7":62,"8":31,"9":31,"10":3,"11":9,"12":3,"13":0,"14":31,"15":31,"16":31},"b":{"0":[1,31],"1":[130,0],"2":[0,3],"3":[3,3],"4":[0,3],"5":[0,3],"6":[0,3],"7":[0,3],"8":[0,3],"9":[0,31],"10":[31,31],"11":[0,31],"12":[1,30],"13":[0,31],"14":[0,31],"15":[2,29]},"meta":{"lastBranch":16,"lastFunction":17,"lastStatement":191,"seen":{"s:12:19:12:Infinity":0,"s:13:20:13:Infinity":1,"s:14:20:14:Infinity":2,"s:15:16:15:Infinity":3,"s:16:16:16:Infinity":4,"s:17:16:17:Infinity":5,"f:20:9:20:23":0,"s:21:2:21:Infinity":6,"f:25:9:25:22":1,"s:26:2:35:Infinity":7,"s:27:19:27:51":8,"s:28:4:28:Infinity":9,"s:29:16:29:39":10,"s:30:4:30:Infinity":11,"s:31:4:31:Infinity":12,"s:32:22:32:Infinity":13,"s:33:4:33:Infinity":14,"s:35:4:35:Infinity":15,"s:39:13:410:Infinity":16,"f:40:11:40:23":2,"s:41:24:41:57":17,"b:43:4:43:Infinity:undefined:undefined:undefined:undefined":0,"s:43:4:43:Infinity":18,"s:43:35:43:Infinity":19,"s:45:10:45:Infinity":20,"f:45:10:45:21":3,"s:45:36:45:Infinity":21,"b:45:36:45:83:45:83:45:Infinity":1,"f:45:49:45:55":4,"s:45:61:45:73":22,"s:47:22:47:69":23,"f:47:47:47:52":5,"s:47:58:47:67":24,"s:48:24:48:69":25,"f:48:49:48:54":6,"s:48:60:48:67":26,"s:50:22:50:Infinity":27,"s:51:23:51:Infinity":28,"s:52:21:52:52":29,"s:54:22:54:Infinity":30,"s:55:21:55:Infinity":31,"s:57:18:57:Infinity":32,"s:58:19:58:Infinity":33,"s:60:10:63:Infinity":34,"f:60:10:60:19":7,"s:61:26:61:Infinity":35,"s:62:12:62:Infinity":36,"s:63:6:63:Infinity":37,"s:66:28:67:Infinity":38,"f:67:16:67:21":8,"s:67:31:67:73":39,"s:69:30:70:Infinity":40,"f:70:18:70:23":9,"s:70:33:70:77":41,"s:73:22:229:Infinity":42,"f:73:22:73:34":10,"s:75:25:75:51":43,"s:76:28:76:57":44,"s:77:28:77:57":45,"s:78:22:78:45":46,"s:79:24:79:49":47,"s:80:25:80:60":48,"s:82:22:82:46":49,"s:83:25:83:52":50,"s:84:25:84:52":51,"s:85:19:85:40":52,"s:86:21:86:44":53,"s:87:22:87:46":54,"s:90:27:90:82":55,"s:92:20:92:Infinity":56,"s:93:16:93:Infinity":57,"s:94:16:94:Infinity":58,"s:96:21:96:53":59,"s:97:6:97:Infinity":60,"s:98:6:98:Infinity":61,"s:99:18:99:41":62,"s:100:6:100:Infinity":63,"s:103:6:103:Infinity":64,"s:104:6:104:Infinity":65,"s:107:6:107:Infinity":66,"s:108:6:108:Infinity":67,"s:109:6:109:Infinity":68,"s:110:6:110:Infinity":69,"s:111:6:111:Infinity":70,"s:114:12:125:Infinity":71,"f:114:12:114:25":11,"s:115:8:115:Infinity":72,"s:116:8:116:Infinity":73,"s:117:8:117:Infinity":74,"s:118:8:118:Infinity":75,"s:119:8:119:Infinity":76,"s:120:8:120:Infinity":77,"s:121:8:121:Infinity":78,"s:122:8:122:Infinity":79,"s:123:8:123:Infinity":80,"s:124:8:124:Infinity":81,"s:125:8:125:Infinity":82,"s:129:6:173:Infinity":83,"s:130:21:130:50":84,"s:131:19:131:48":85,"b:132:8:132:Infinity:undefined:undefined:undefined:undefined":2,"s:132:8:132:Infinity":86,"b:132:12:132:21:132:21:132:26":3,"s:132:26:132:Infinity":87,"s:134:19:134:Infinity":88,"s:135:19:135:Infinity":89,"s:136:19:136:Infinity":90,"s:137:19:137:Infinity":91,"s:138:14:138:Infinity":92,"s:140:8:140:Infinity":93,"s:141:8:141:Infinity":94,"s:142:8:142:Infinity":95,"s:143:8:143:Infinity":96,"s:144:8:144:Infinity":97,"s:145:8:145:Infinity":98,"s:148:8:148:Infinity":99,"s:149:8:149:Infinity":100,"s:150:8:150:Infinity":101,"s:151:8:151:Infinity":102,"s:152:8:152:Infinity":103,"s:153:8:153:Infinity":104,"s:154:8:154:Infinity":105,"s:157:19:157:Infinity":106,"s:158:19:158:Infinity":107,"s:159:22:159:Infinity":108,"s:160:23:160:Infinity":109,"s:161:23:161:Infinity":110,"s:163:8:163:Infinity":111,"s:164:8:164:Infinity":112,"s:165:8:165:Infinity":113,"s:166:8:166:Infinity":114,"s:167:8:167:Infinity":115,"s:168:8:168:Infinity":116,"s:170:8:170:Infinity":117,"s:171:8:171:Infinity":118,"s:172:8:172:Infinity":119,"s:173:8:173:Infinity":120,"s:177:6:192:Infinity":121,"s:178:20:178:43":122,"b:179:8:179:Infinity:undefined:undefined:undefined:undefined":4,"s:179:8:179:Infinity":123,"s:179:18:179:Infinity":124,"s:180:8:180:Infinity":125,"s:181:8:181:Infinity":126,"s:182:8:182:Infinity":127,"s:183:8:183:Infinity":128,"s:184:8:184:Infinity":129,"s:185:8:185:Infinity":130,"s:187:21:187:32":131,"s:188:22:188:Infinity":132,"b:188:41:188:67:188:67:188:Infinity":5,"s:189:8:189:Infinity":133,"s:190:8:190:Infinity":134,"s:191:8:191:Infinity":135,"s:192:8:192:Infinity":136,"s:196:6:211:Infinity":137,"s:197:20:197:45":138,"b:198:8:198:Infinity:undefined:undefined:undefined:undefined":6,"s:198:8:198:Infinity":139,"s:198:18:198:Infinity":140,"s:199:8:199:Infinity":141,"s:200:8:200:Infinity":142,"s:201:8:201:Infinity":143,"s:202:8:202:Infinity":144,"s:203:8:203:Infinity":145,"s:204:8:204:Infinity":146,"s:206:21:206:32":147,"s:207:22:207:Infinity":148,"b:207:41:207:67:207:67:207:Infinity":7,"s:208:8:208:Infinity":149,"s:209:8:209:Infinity":150,"s:210:8:210:Infinity":151,"s:211:8:211:Infinity":152,"s:214:6:229:Infinity":153,"f:214:20:214:27":12,"b:215:8:215:Infinity:undefined:undefined:undefined:undefined":8,"s:215:8:215:Infinity":154,"s:215:19:215:Infinity":155,"s:216:8:227:Infinity":156,"s:217:10:217:Infinity":157,"s:218:10:218:Infinity":158,"s:219:10:219:Infinity":159,"f:219:10:219:27":13,"s:219:27:219:48":160,"s:222:22:222:47":161,"s:223:20:223:47":162,"s:224:10:224:Infinity":163,"s:225:10:225:Infinity":164,"s:226:10:226:Infinity":165,"s:227:10:227:Infinity":166,"s:232:4:406:Infinity":167,"f:260:26:260:31":14,"s:261:27:261:56":168,"s:262:25:262:54":169,"b:263:14:263:Infinity:undefined:undefined:undefined:undefined":9,"s:263:14:263:Infinity":170,"b:263:18:263:27:263:27:263:32":10,"s:263:32:263:Infinity":171,"s:265:25:265:Infinity":172,"s:266:25:266:Infinity":173,"s:267:25:267:Infinity":174,"s:268:25:268:Infinity":175,"s:270:20:270:Infinity":176,"s:271:26:271:Infinity":177,"s:272:26:272:Infinity":178,"s:274:26:274:Infinity":179,"s:275:20:275:Infinity":180,"s:276:20:279:Infinity":181,"s:281:14:307:Infinity":182,"f:312:23:312:28":15,"s:313:26:313:49":183,"b:314:14:314:Infinity:undefined:undefined:undefined:undefined":11,"s:314:14:314:Infinity":184,"s:314:24:314:Infinity":185,"s:315:14:335:Infinity":186,"b:333:47:333:80:333:80:333:Infinity":12,"f:340:25:340:30":16,"s:341:26:341:51":187,"b:342:14:342:Infinity:undefined:undefined:undefined:undefined":13,"s:342:14:342:Infinity":188,"s:342:24:342:Infinity":189,"s:343:14:363:Infinity":190,"b:361:47:361:80:361:80:361:Infinity":14,"b:396:12:399:Infinity:401:12:404:Infinity":15}}}
,"/Users/todor/projects/bill-split/src/components/settlement/settlement-step.tsx": {"path":"/Users/todor/projects/bill-split/src/components/settlement/settlement-step.tsx","statementMap":{"0":{"start":{"line":26,"column":53},"end":{"line":26,"column":null}},"1":{"start":{"line":27,"column":22},"end":{"line":27,"column":55}},"2":{"start":{"line":28,"column":21},"end":{"line":28,"column":53}},"3":{"start":{"line":29,"column":8},"end":{"line":29,"column":52}},"4":{"start":{"line":31,"column":8},"end":{"line":31,"column":64}},"5":{"start":{"line":32,"column":24},"end":{"line":32,"column":70}},"6":{"start":{"line":32,"column":52},"end":{"line":32,"column":68}},"7":{"start":{"line":34,"column":8},"end":{"line":34,"column":null}},"8":{"start":{"line":34,"column":34},"end":{"line":34,"column":null}},"9":{"start":{"line":34,"column":59},"end":{"line":34,"column":71}},"10":{"start":{"line":36,"column":22},"end":{"line":38,"column":15}},"11":{"start":{"line":37,"column":16},"end":{"line":37,"column":105}},"12":{"start":{"line":40,"column":19},"end":{"line":43,"column":null}},"13":{"start":{"line":41,"column":4},"end":{"line":41,"column":null}},"14":{"start":{"line":42,"column":4},"end":{"line":42,"column":null}},"15":{"start":{"line":43,"column":4},"end":{"line":43,"column":null}},"16":{"start":{"line":43,"column":21},"end":{"line":43,"column":41}},"17":{"start":{"line":46,"column":2},"end":{"line":185,"column":null}},"18":{"start":{"line":146,"column":27},"end":{"line":146,"column":66}},"19":{"start":{"line":153,"column":27},"end":{"line":153,"column":47}},"20":{"start":{"line":170,"column":53},"end":{"line":170,"column":74}},"21":{"start":{"line":176,"column":16},"end":{"line":176,"column":null}},"22":{"start":{"line":177,"column":16},"end":{"line":177,"column":null}}},"fnMap":{"0":{"name":"SettlementStep","decl":{"start":{"line":25,"column":16},"end":{"line":25,"column":31}},"loc":{"start":{"line":25,"column":73},"end":{"line":185,"column":null}},"line":25},"1":{"name":"(anonymous_1)","decl":{"start":{"line":32,"column":33},"end":{"line":32,"column":41}},"loc":{"start":{"line":32,"column":52},"end":{"line":32,"column":68}},"line":32},"2":{"name":"(anonymous_2)","decl":{"start":{"line":34,"column":8},"end":{"line":34,"column":19}},"loc":{"start":{"line":34,"column":34},"end":{"line":34,"column":null}},"line":34},"3":{"name":"(anonymous_3)","decl":{"start":{"line":34,"column":47},"end":{"line":34,"column":53}},"loc":{"start":{"line":34,"column":59},"end":{"line":34,"column":71}},"line":34},"4":{"name":"(anonymous_4)","decl":{"start":{"line":37,"column":5},"end":{"line":37,"column":10}},"loc":{"start":{"line":37,"column":16},"end":{"line":37,"column":105}},"line":37},"5":{"name":"(anonymous_5)","decl":{"start":{"line":40,"column":19},"end":{"line":40,"column":31}},"loc":{"start":{"line":40,"column":31},"end":{"line":43,"column":null}},"line":40},"6":{"name":"(anonymous_6)","decl":{"start":{"line":43,"column":4},"end":{"line":43,"column":21}},"loc":{"start":{"line":43,"column":21},"end":{"lin
[...]
,"/Users/todor/projects/bill-split/src/hooks/use-theme.ts": {"path":"/Users/todor/projects/bill-split/src/hooks/use-theme.ts","statementMap":{},"fnMap":{},"branchMap":{},"s":{},"f":{},"b":{},"meta":{"lastBranch":0,"lastFunction":0,"lastStatement":0,"seen":{}}}
,"/Users/todor/projects/bill-split/src/lib/settlement.ts": {"path":"/Users/todor/projects/bill-split/src/lib/settlement.ts","statementMap":{"0":{"start":{"line":4,"column":17},"end":{"line":4,"column":42}},"1":{"start":{"line":5,"column":58},"end":{"line":5,"column":null}},"2":{"start":{"line":7,"column":2},"end":{"line":19,"column":null}},"3":{"start":{"line":8,"column":22},"end":{"line":8,"column":null}},"4":{"start":{"line":9,"column":4},"end":{"line":10,"column":null}},"5":{"start":{"line":10,"column":6},"end":{"line":10,"column":null}},"6":{"start":{"line":12,"column":13},"end":{"line":19,"column":null}},"7":{"start":{"line":13,"column":4},"end":{"line":14,"column":null}},"8":{"start":{"line":14,"column":6},"end":{"line":14,"column":null}},"9":{"start":{"line":18,"column":4},"end":{"line":19,"column":null}},"10":{"start":{"line":19,"column":6},"end":{"line":19,"column":null}},"11":{"start":{"line":23,"column":2},"end":{"line":23,"column":null}},"12":{"start":{"line":30,"column":19},"end":{"line":30,"column":44}},"13":{"start":{"line":31,"column":2},"end":{"line":32,"column":null}},"14":{"start":{"line":32,"column":4},"end":{"line":32,"column":null}},"15":{"start":{"line":35,"column":2},"end":{"line":42,"column":null}},"16":{"start":{"line":37,"column":4},"end":{"line":37,"column":null}},"17":{"start":{"line":40,"column":19},"end":{"line":40,"column":41}},"18":{"start":{"line":41,"column":4},"end":{"line":42,"column":null}},"19":{"start":{"line":42,"column":6},"end":{"line":42,"column":null}},"20":{"start":{"line":46,"column":59},"end":{"line":46,"column":61}},"21":{"start":{"line":47,"column":57},"end":{"line":47,"column":59}},"22":{"start":{"line":49,"column":2},"end":{"line":52,"column":null}},"23":{"start":{"line":50,"column":20},"end":{"line":50,"column":null}},"24":{"start":{"line":51,"column":4},"end":{"line":52,"column":null}},"25":{"start":{"line":51,"column":25},"end":{"line":51,"column":null}},"26":{"start":{"line":52,"column":13},"end":{"line":52,"column":null}},"27":{"start":{"line":52,"column":31},"end":{"line":52,"column":null}},"28":{"start":{"line":55,"column":2},"end":{"line":55,"column":null}},"29":{"start":{"line":55,"column":27},"end":{"line":55,"column":47}},"30":{"start":{"line":56,"column":2},"end":{"line":56,"column":null}},"31":{"start":{"line":56,"column":25},"end":{"line":56,"column":45}},"32":{"start":{"line":58,"column":38},"end":{"line":58,"column":40}},"33":{"start":{"line":59,"column":11},"end":{"line":59,"column":null}},"34":{"start":{"line":60,"column":11},"end":{"line":60,"column":null}},"35":{"start":{"line":62,"column":2},"end":{"line":78,"column":null}},"36":{"start":{"line":63,"column":25},"end":{"line":63,"column":75}},"37":{"start":{"line":64,"column":20},"end":{"line":64,"column":null}},"38":{"start":{"line":66,"column":4},"end":{"line":71,"column":null}},"39":{"start":{"line":67,"column":6},"end":{"line":71,"column":null}},"40":{"start":{"line":74,"column":4},"end":{"line":74,"column":null}},"41":{"start":{"line":75,"column":4},"end":{"line":75,"column":null}},"42":{"start":{"line":77,"column":4},"end":{"line":77,"column":null}},"43":{"start":{"line":77,"column":38},"end":{"line":77,"column":null}},"44":{"start":{"line":78,"column":4},"end":{"line":78,"column":null}},"45":{"start":{"line":78,"column":36},"end":{"line":78,"column":null}},"46":{"start":{"line":81,"column":2},"end":{"line":81,"column":null}}},"fnMap":{"0":{"name":"computeShares","decl":{"start":{"line":3,"column":9},"end":{"line":3,"column":23}},"loc":{"start":{"line":3,"column":62},"end":{"line":23,"column":null}},"line":3},"1":{"name":"computeSettlement","decl":{"start":{"line":26,"column":16},"end":{"line":26,"column":null}},"loc":{"start":{"line":29,"column":17},"end":{"line":81,"column":null}},"line":29},"2":{"name":"(anonymous_2)","decl":{"start":{"line":55,"column":12},"end":{"line":55,"column":18}},"loc":{"start":{"line":55,"column":27},"end":{"line":55,"column":47}},"line":55},"3":{"name":"(anonymous_3)","decl":{"start":{"line":56,"column":10},"end":{"line":56,"column":16}},"loc":{"start":{"line":56,"column":25},"end":{"line":56,"column":45}},"line":56}},"branchMap":{"0":{"loc":{"start":{"line":7,"column":2},"end":{"line":19,"column":null}},"type":"if","locations":[{"start":{"line":7,"column":2},"end":{"line":19,"column":null}},{"start":{"line":12,"column":13},"end":{"line":19,"column":null}}],"line":7},"1":{"loc":{"start":{"line":12,"column":13},"end":{"line":19,"column":null}},"type":"if","locations":[{"start":{"line":12,"column":13},"end":{"line":19,"column":null}},{"start":{"line":16,"column":9},"end":{"line":19,"column":null}}],"line":12},"2":{"loc":{"start":{"line":37,"column":36},"end":{"line":37,"column":75}},"type":"binary-expr","locations":[{"start":{"line":37,"column":36},"end":{"line":37,"column":66}},{"start":{"line":37,"column":70},"end":{"line":37,"column":75}}],"line":37},"3":{"loc":{"start":{"line":42,"column":25},"end":{"line":42,"column":51}},"type":"binary-expr","locations":[{"start":{"line":42,"column":25},"end":{"line":42,"column":42}},{"start":{"line":42,"column":46},"end":{"line":42,"column":51}}],"line":42},"4":{"loc":{"start":{"line":51,"column":4},"end":{"line":52,"column":null}},"type":"if","locations":[{"start":{"line":51,"column":4},"end":{"line":52,"column":null}},{"start":{"line":52,"column":13},"end":{"line":52,"column":null}}],"line":51},"5":{"loc":{"start":{"line":52,"column":13},"end":{"line":52,"column":null}},"type":"if","locations":[{"start":{"line":52,"column":13},"end":{"line":52,"column":null}},{"start":{},"end":{}}],"line":52},"6":{"loc":{"start":{"line":62,"column":9},"end":{"line":62,"column":55}},"type":"binary-expr","locations":[{"start":{"line":62,"column":9},"end":{"line":62,"column":34}},{"start":{"line":62,"column":34},"end":{"line":62,"column":55}}],"line":62},"7":{"loc":{"start":{"line":66,"column":4},"end":{"line":71,"column":null}},"type":"if","locations":[{"start":{"line":66,"column":4},"end":{"line":71,"column":null}},{"start":{},"end":{}}],"line":66},"8":{"loc":{"start":{"line":77,"column":4},"end":{"line":77,"column":null}},"type":"if","locations":[{"start":{"line":77,"column":4},"end":{"line":77,"column":null}},{"start":{},"end":{}}],"line":77},"9":{"loc":{"start":{"line":78,"column":4},"end":{"line":78,"column":null}},"type":"if","locations":[{"start":{"line":78,"column":4},"end":{"line":78,"column":null}},{"start":{},"end":{}}],"line":78}},"s":{"0":43,"1":43,"2":43,"3":39,"4":39,"5":84,"6":4,"7":2,"8":5,"9":2,"10":4,"11":43,"12":38,"13":38,"14":80,"15":38,"16":43,"17":43,"18":43,"19":93,"20":38,"21":38,"22":38,"23":80,"24":80,"25":30,"26":50,"27":35,"28":38,"29":0,"30":38,"31":5,"32":38,"33":38,"34":38,"35":38,"36":35,"37":35,"38":35,"39":35,"40":35,"41":35,"42":35,"43":29,"44":35,"45":35,"46":38},"f":{"0":43,"1":38,"2":0,"3":5},"b":{"0":[39,4],"1":[2,2],"2":[43,0],"3":[93,0],"4":[30,50],"5":[35,15],"6":[38,36],"7":[35,0],"8":[29,6],"9":[35,0]},"meta":{"lastBranch":10,"lastFunction":4,"lastStatement":47,"seen":{"f:3:9:3:23":0,"s:4:17:4:42":0,"s:5:58:5:Infinity":1,"b:7:2:19:Infinity:12:13:19:Infinity":0,"s:7:2:19:Infinity":2,"s:8:22:8:Infinity":3,"s:9:4:10:Infinity":4,"s:10:6:10:Infinity":5,"b:12:13:19:Infinity:16:9:19:Infinity":1,"s:12:13:19:Infinity":6,"s:13:4:14:Infinity":7,"s:14:6:14:Infinity":8,"s:18:4:19:Infinity":9,"s:19:6:19:Infinity":10,"s:23:2:23:Infinity":11,"f:26:16:26:Infinity":1,"s:30:19:30:44":12,"s:31:2:32:Infinity":13,"s:32:4:32:Infinity":14,"s:35:2:42:Infinity":15,"s:37:4:37:Infinity":16,"b:37:36:37:66:37:70:37:75":2,"s:40:19:40:41":17,"s:41:4:42:Infinity":18,"s:42:6:42:Infinity":19,"b:42:25:42:42:42:46:42:51":3,"s:46:59:46:61":20,"s:47:57:47:59":21,"s:49:2:52:Infinity":22,"s:50:20:50:Infinity":23,"b:51:4:52:Infinity:52:13:52:Infinity":4,"s:51:4:52:Infinity":24,"s:51:25:51:Infinity":25,"b:52:13:52:Infinity:undefined:undefined:undefined:undefined":5,"s:52:13:52:Infinity":26,"s:52:31:52:Infinity":27,"s:55:2:55:Infinity":28,"f:55:12:55:18":2,"s:55:27:55:47":29,"s:56:2:56:Infinity":30,"f:56:10:56:16":3,"s:56:25:56:45":31,"s:58:38:58:40":32,"s:59:11:59:Infinity":33,"s:60:11:60:Infinity":34,"s:62:2:78:Infinity":35,"b:62:9:62:34:62:34:62:55":6,"s:63:25:63:75":36,"s:64:20:64:Infinity":37,"b:66:4:71:Infinity:undefined:undefined:undefined:undefined":7,"s:66:4:71:Infinity":38,"s:67:6:71:Infinity":39,"s:74:4:74:Infinity":40,"s:75:4:75:Infinity":41,"b:77:4:77:Infinity:undefined:undefined:undefined:undefined":8,"s:77:4:77:Infinity":42,"s:77:38:77:Infinity":43,"b:78:4:78:Infinity:undefined:undefined:undefined:undefined":9,"s:78:4:78:Infinity":44,"s:78:36:78:Infinity":45,"s:81:2:81:Infinity":46}}}
,"/Users/todor/projects/bill-split/src/lib/storage.ts": {"path":"/Users/todor/projects/bill-split/src/lib/storage.ts","statementMap":{"0":{"start":{"line":3,"column":18},"end":{"line":3,"column":null}},"1":{"start":{"line":4,"column":18},"end":{"line":4,"column":null}},"2":{"start":{"line":7,"column":2},"end":{"line":11,"column":null}},"3":{"start":{"line":8,"column":16},"end":{"line":8,"column":47}},"4":{"start":{"line":9,"column":4},"end":{"line":9,"column":null}},"5":{"start":{"line":11,"column":4},"end":{"line":11,"column":null}},"6":{"start":{"line":16,"column":2},"end":{"line":16,"column":null}},"7":{"start":{"line":20,"column":2},"end":{"line":20,"column":null}},"8":{"start":{"line":24,"column":2},"end":{"line":24,"column":null}},"9":{"start":{"line":28,"column":2},"end":{"line":28,"column":null}}},"fnMap":{"0":{"name":"loadState","decl":{"start":{"line":6,"column":16},"end":{"line":6,"column":45}},"loc":{"start":{"line":6,"column":45},"end":{"line":11,"column":null}},"line":6},"1":{"name":"saveState","decl":{"start":{"line":15,"column":16},"end":{"line":15,"column":26}},"loc":{"start":{"line":15,"column":49},"end":{"line":16,"column":null}},"line":15},"2":{"name":"clearState","decl":{"start":{"line":19,"column":16},"end":{"line":19,"column":35}},"loc":{"start":{"line":19,"column":35},"end":{"line":20,"column":null}},"line":19},"3":{"name":"loadTheme","decl":{"start":{"line":23,"column":16},"end":{"line":23,"column":43}},"loc":{"start":{"line":23,"column":43},"end":{"line":24,"column":null}},"line":23},"4":{"name":"saveTheme","decl":{"start":{"line":27,"column":16},"end":{"line":27,"column":26}},"loc":{"start":{"line":27,"column":47},"end":{"line":28,"column":null}},"line":27}},"branchMap":{"0":{"loc":{"start":{"line":9,"column":11},"end":{"line":9,"column":null}},"type":"cond-expr","locations":[{"start":{"line":9,"column":18},"end":{"line":9,"column":33}},{"start":{"line":9,"column":49},"end":{"line":9,"column":null}}],"line":9}},"s":{"0":4,"1":4,"2":21,"3":21,"4":21,"5":1,"6":27,"7":4,"8":39,"9":10},"f":{"0":21,"1":27,"2":4,"3":39,"4":10},"b":{"0":[12,9]},"meta":{"lastBranch":1,"lastFunction":5,"lastStatement":10,"seen":{"s:3:18:3:Infinity":0,"s:4:18:4:Infinity":1,"f:6:16:6:45":0,"s:7:2:11:Infinity":2,"s:8:16:8:47":3,"s:9:4:9:Infinity":4,"b:9:18:9:33:9:49:9:Infinity":0,"s:11:4:11:Infinity":5,"f:15:16:15:26":1,"s:16:2:16:Infinity":6,"f:19:16:19:35":2,"s:20:2:20:Infinity":7,"f:23:16:23:43":3,"s:24:2:24:Infinity":8,"f:27:16:27:26":4,"s:28:2:28:Infinity":9}}}
,"/Users/todor/projects/bill-split/src/lib/utils.ts": {"path":"/Users/todor/projects/bill-split/src/lib/utils.ts","statementMap":{"0":{"start":{"line":5,"column":2},"end":{"line":5,"column":null}},"1":{"start":{"line":9,"column":2},"end":{"line":9,"column":null}}},"fnMap":{"0":{"name":"cn","decl":{"start":{"line":4,"column":16},"end":{"line":4,"column":19}},"loc":{"start":{"line":4,"column":44},"end":{"line":5,"column":null}},"line":4},"1":{"name":"formatCurrency","decl":{"start":{"line":8,"column":16},"end":{"line":8,"column":31}},"loc":{"start":{"line":8,"column":71},"end":{"line":9,"column":null}},"line":8}},"branchMap":{},"s":{"0":1733,"1":107},"f":{"0":1733,"1":107},"b":{},"meta":{"lastBranch":0,"lastFunction":2,"lastStatement":2,"seen":{"f:4:16:4:19":0,"s:5:2:5:Infinity":0,"f:8:16:8:31":1,"s:9:2:9:Infinity":1}}}
,"/Users/todor/projects/bill-split/src/lib/validation.ts": {"path":"/Users/todor/projects/bill-split/src/lib/validation.ts","statementMap":{"0":{"start":{"line":3,"column":16},"end":{"line":3,"column":null}},"1":{"start":{"line":6,"column":14},"end":{"line":6,"column":58}},"2":{"start":{"line":6,"column":41},"end":{"line":6,"column":56}},"3":{"start":{"line":7,"column":2},"end":{"line":7,"column":null}},"4":{"start":{"line":11,"column":14},"end":{"line":11,"column":58}},"5":{"start":{"line":11,"column":41},"end":{"line":11,"column":56}},"6":{"start":{"line":12,"column":2},"end":{"line":12,"column":null}},"7":{"start":{"line":18,"column":27},"end":{"line":18,"column":29}},"8":{"start":{"line":20,"column":2},"end":{"line":21,"column":null}},"9":{"start":{"line":21,"column":4},"end":{"line":21,"column":null}},"10":{"start":{"line":24,"column":2},"end":{"line":25,"column":null}},"11":{"start":{"line":25,"column":4},"end":{"line":25,"column":null}},"12":{"start":{"line":28,"column":2},"end":{"line":29,"column":null}},"13":{"start":{"line":29,"column":4},"end":{"line":29,"column":null}},"14":{"start":{"line":32,"column":2},"end":{"line":33,"column":null}},"15":{"start":{"line":33,"column":4},"end":{"line":33,"column":null}},"16":{"start":{"line":36,"column":2},"end":{"line":42,"column":null}},"17":{"start":{"line":37,"column":4},"end":{"line":38,"column":null}},"18":{"start":{"line":38,"column":6},"end":{"line":38,"column":null}},"19":{"start":{"line":40,"column":13},"end":{"line":42,"column":null}},"20":{"start":{"line":41,"column":4},"end":{"line":42,"column":null}},"21":{"start":{"line":42,"column":6},"end":{"line":42,"column":null}},"22":{"start":{"line":46,"column":2},"end":{"line":46,"column":null}}},"fnMap":{"0":{"name":"validatePercentageSplit","decl":{"start":{"line":5,"column":16},"end":{"line":5,"column":40}},"loc":{"start":{"line":5,"column":73},"end":{"line":7,"column":null}},"line":5},"1":{"name":"(anonymous_1)","decl":{"start":{"line":6,"column":22},"end":{"line":6,"column":30}},"loc":{"start":{"line":6,"column":41},"end":{"line":6,"column":56}},"line":6},"2":{"name":"validateExactSplit","decl":{"start":{"line":10,"column":16},"end":{"line":10,"column":35}},"loc":{"start":{"line":10,"column":83},"end":{"line":12,"column":null}},"line":10},"3":{"name":"(anonymous_3)","decl":{"start":{"line":11,"column":22},"end":{"line":11,"column":30}},"loc":{"start":{"line":11,"column":41},"end":{"line":11,"column":56}},"line":11},"4":{"name":"validateExpense","decl":{"start":{"line":15,"column":16},"end":{"line":15,"column":null}},"loc":{"start":{"line":17,"column":12},"end":{"line":46,"column":null}},"line":17}},"branchMap":{"0":{"loc":{"start":{"line":20,"column":2},"end":{"line":21,"column":null}},"type":"if","locations":[{"start":{"line":20,"column":2},"end":{"line":21,"column":null}},{"start":{},"end":{}}],"line":20},"1":{"loc":{"start":{"line":24,"column":2},"end":{"line":25,"column":null}},"type":"if","locations":[{"start":{"line":24,"column":2},"end":{"line":25,"column":null}},{"start":{},"end":{}}],"line":24},"2":{"loc":{"start":{"line":24,"column":6},"end":{"line":24,"column":46}},"type":"binary-expr","locations":[{"start":{"line":24,"column":6},"end":{"line":24,"column":25}},{"start":{"line":24,"column":25},"end":{"line":24,"column":46}}],"line":24},"3":{"loc":{"start":{"line":28,"column":2},"end":{"line":29,"column":null}},"type":"if","locations":[{"start":{"line":28,"column":2},"end":{"line":29,"column":null}},{"start":{},"end":{}}],"line":28},"4":{"loc":{"start":{"line":32,"column":2},"end":{"line":33,"column":null}},"type":"if","locations":[{"start":{"line":32,"column":2},"end":{"line":33,"column":null}},{"start":{},"end":{}}],"line":32},"5":{"loc":{"start":{"line":36,"column":2},"end":{"line":42,"column":null}},"type":"if","locations":[{"start":{"line":36,"column":2},"end":{"line":42,"column":null}},{"start":{"line":40,"column":13},"end":{"line":42,"column":null}}],"line":36},"6":{"loc":{"start":{"line":37,"column":4},"end":{"line":38,"column":null}},"type":"if","locations":[{"start":{"line":37,"column":4},"end":{"line":38,"column":null}},{"start":{},"end":{}}],"line":37},"7":{"loc":{"start":{"line":40,"column":13},"end":{"line":42,"column":null}},"type":"if","locations":[{"start":{"line":40,"column":13},"end":{"line":42,"column":null}},{"start":{},"end":{}}],"line":40},"8":{"loc":{"start":{"line":41,"column":4},"end":{"line":42,"column":null}},"type":"if","locations":[{"start":{"line":41,"column":4},"end":{"line":42,"column":null}},{"start":{},"end":{}}],"line":41}},"s":{"0":5,"1":8,"2":15,"3":8,"4":7,"5":12,"6":7,"7":22,"8":22,"9":5,"10":22,"11":6,"12":22,"13":4,"14":22,"15":2,"16":22,"17":3,"18":1,"19":19,"20":3,"21":1,"22":22},"f":{"0":8,"1":15,"2":7,"3":12,"4":22},"b":{"0":[5,17],"1":[6,16],"2":[22,17],"3":[4,18],"4":[2,20],"5":[3,19],"6":[1,2],"7":[3,16],"8":[1,2]},"meta":{"lastBranch":9,"lastFunction":5,"lastStatement":23,"seen":{"s:3:16:3:Infinity":0,"f:5:16:5:40":0,"s:6:14:6:58":1,"f:6:22:6:30":1,"s:6:41:6:56":2,"s:7:2:7:Infinity":3,"f:10:16:10:35":2,"s:11:14:11:58":4,"f:11:22:11:30":3,"s:11:41:11:56":5,"s:12:2:12:Infinity":6,"f:15:16:15:Infinity":4,"s:18:27:18:29":7,"b:20:2:21:Infinity:undefined:undefined:undefined:undefined":0,"s:20:2:21:Infinity":8,"s:21:4:21:Infinity":9,"b:24:2:25:Infinity:undefined:undefined:undefined:undefined":1,"s:24:2:25:Infinity":10,"b:24:6:24:25:24:25:24:46":2,"s:25:4:25:Infinity":11,"b:28:2:29:Infinity:undefined:undefined:undefined:undefined":3,"s:28:2:29:Infinity":12,"s:29:4:29:Infinity":13,"b:32:2:33:Infinity:undefined:undefined:undefined:undefined":4,"s:32:2:33:Infinity":14,"s:33:4:33:Infinity":15,"b:36:2:42:Infinity:40:13:42:Infinity":5,"s:36:2:42:Infinity":16,"b:37:4:38:Infinity:undefined:undefined:undefined:undefined":6,"s:37:4:38:Infinity":17,"s:38:6:38:Infinity":18,"b:40:13:42:Infinity:undefined:undefined:undefined:undefined":7,"s:40:13:42:Infinity":19,"b:41:4:42:Infinity:undefined:undefined:undefined:undefined":8,"s:41:4:42:Infinity":20,"s:42:6:42:Infinity":21,"s:46:2:46:Infinity":22}}}
,"/Users/todor/projects/bill-split/src/types/index.ts": {"path":"/Users/todor/projects/bill-split/src/types/index.ts","statementMap":{},"fnMap":{},"branchMap":{},"s":{},"f":{},"b":{},"meta":{"lastBranch":0,"lastFunction":0,"lastStatement":0,"seen":{}}}
}
